Process List:
Pid2: arrive=2, cpu_burst=18, io_burst=3, priority=3, io_start=12
Pid8: arrive=2, cpu_burst=12, io_burst=5, priority=7, io_start=5
Pid4: arrive=5, cpu_burst=14, io_burst=2, priority=5, io_start=5
Pid6: arrive=5, cpu_burst=20, io_burst=0, priority=2, io_start=-1
Pid9: arrive=5, cpu_burst=17, io_burst=5, priority=10, io_start=8
Pid5: arrive=6, cpu_burst=20, io_burst=5, priority=7, io_start=17
Pid7: arrive=6, cpu_burst=9, io_burst=5, priority=4, io_start=4
Pid10: arrive=7, cpu_burst=8, io_burst=2, priority=6, io_start=6
Pid1: arrive=8, cpu_burst=11, io_burst=3, priority=5, io_start=2
Pid3: arrive=10, cpu_burst=12, io_burst=1, priority=7, io_start=6

<First Come First Served Algorithm>
T 0: [CPU idle], 
T 1: [CPU idle], 
T 2: P2 [running], 
T 3: P2 [running], 
T 4: P2 [running], 
T 5: P2 [running], 
T 6: P2 [running], 
T 7: P2 [running], 
T 8: P2 [running], 
T 9: P2 [running], 
T 10: P2 [running], 
T 11: P2 [running], 
T 12: P2 [running], 
T 13: P2 [running], P2 [I/O request], 
T 14: P8 [running], 
T 15: P8 [running], 
T 16: P8 [running], P2 [I/O complete], 
T 17: P8 [running], 
T 18: P8 [running], P8 [I/O request], 
T 19: P2 [running], 
T 20: P2 [running], 
T 21: P2 [running], 
T 22: P2 [running], 
T 23: P2 [running], P8 [I/O complete], 
T 24: P2 [running], P2 [terminated], 
T 25: P8 [running], 
T 26: P8 [running], 
T 27: P8 [running], 
T 28: P8 [running], 
T 29: P8 [running], 
T 30: P8 [running], 
T 31: P8 [running], P8 [terminated], 
T 32: P4 [running], 
T 33: P4 [running], 
T 34: P4 [running], 
T 35: P4 [running], 
T 36: P4 [running], P4 [I/O request], 
T 37: P6 [running], 
T 38: P6 [running], P4 [I/O complete], 
T 39: P6 [running], 
T 40: P6 [running], 
T 41: P6 [running], 
T 42: P6 [running], 
T 43: P6 [running], 
T 44: P6 [running], 
T 45: P6 [running], 
T 46: P6 [running], 
T 47: P6 [running], 
T 48: P6 [running], 
T 49: P6 [running], 
T 50: P6 [running], 
T 51: P6 [running], 
T 52: P6 [running], 
T 53: P6 [running], 
T 54: P6 [running], 
T 55: P6 [running], 
T 56: P6 [running], P6 [terminated], 
T 57: P4 [running], 
T 58: P4 [running], 
T 59: P4 [running], 
T 60: P4 [running], 
T 61: P4 [running], 
T 62: P4 [running], 
T 63: P4 [running], 
T 64: P4 [running], 
T 65: P4 [running], P4 [terminated], 
T 66: P9 [running], 
T 67: P9 [running], 
T 68: P9 [running], 
T 69: P9 [running], 
T 70: P9 [running], 
T 71: P9 [running], 
T 72: P9 [running], 
T 73: P9 [running], P9 [I/O request], 
T 74: P5 [running], 
T 75: P5 [running], 
T 76: P5 [running], 
T 77: P5 [running], 
T 78: P5 [running], P9 [I/O complete], 
T 79: P5 [running], 
T 80: P5 [running], 
T 81: P5 [running], 
T 82: P5 [running], 
T 83: P5 [running], 
T 84: P5 [running], 
T 85: P5 [running], 
T 86: P5 [running], 
T 87: P5 [running], 
T 88: P5 [running], 
T 89: P5 [running], 
T 90: P5 [running], P5 [I/O request], 
T 91: P9 [running], 
T 92: P9 [running], 
T 93: P9 [running], 
T 94: P9 [running], 
T 95: P9 [running], P5 [I/O complete], 
T 96: P9 [running], 
T 97: P9 [running], 
T 98: P9 [running], 
T 99: P9 [running], P9 [terminated], 
T 100: P5 [running], 
T 101: P5 [running], 
T 102: P5 [running], P5 [terminated], 
T 103: P7 [running], 
T 104: P7 [running], 
T 105: P7 [running], 
T 106: P7 [running], P7 [I/O request], 
T 107: P10 [running], 
T 108: P10 [running], 
T 109: P10 [running], 
T 110: P10 [running], 
T 111: P10 [running], P7 [I/O complete], 
T 112: P10 [running], P10 [I/O request], 
T 113: P7 [running], 
T 114: P7 [running], P10 [I/O complete], 
T 115: P7 [running], 
T 116: P7 [running], 
T 117: P7 [running], P7 [terminated], 
T 118: P10 [running], 
T 119: P10 [running], P10 [terminated], 
T 120: P1 [running], 
T 121: P1 [running], P1 [I/O request], 
T 122: P3 [running], 
T 123: P3 [running], 
T 124: P3 [running], P1 [I/O complete], 
T 125: P3 [running], 
T 126: P3 [running], 
T 127: P3 [running], P3 [I/O request], 
T 128: P1 [running], P3 [I/O complete], 
T 129: P1 [running], 
T 130: P1 [running], 
T 131: P1 [running], 
T 132: P1 [running], 
T 133: P1 [running], 
T 134: P1 [running], 
T 135: P1 [running], 
T 136: P1 [running], P1 [terminated], 
T 137: P3 [running], 
T 138: P3 [running], 
T 139: P3 [running], 
T 140: P3 [running], 
T 141: P3 [running], 
T 142: P3 [running], P3 [terminated], 

[pid: 2, wait_time: 2, turnaround_time: 23]
[pid: 8, wait_time: 13, turnaround_time: 30]
[pid: 4, wait_time: 45, turnaround_time: 61]
[pid: 6, wait_time: 32, turnaround_time: 52]
[pid: 9, wait_time: 73, turnaround_time: 95]
[pid: 5, wait_time: 72, turnaround_time: 97]
[pid: 7, wait_time: 98, turnaround_time: 112]
[pid: 10, wait_time: 103, turnaround_time: 113]
[pid: 1, wait_time: 115, turnaround_time: 129]
[pid: 3, wait_time: 120, turnaround_time: 133]

평균 대기 시간: 67.30
평균 반환 시간: 84.50
===============================================================
<Non-preemptive Shortest Job First Algorithm>
T 0: [CPU idle], 
T 1: [CPU idle], 
T 2: P8 [running], 
T 3: P8 [running], 
T 4: P8 [running], 
T 5: P8 [running], 
T 6: P8 [running], P8 [I/O request], 
T 7: P10 [running], 
T 8: P10 [running], 
T 9: P10 [running], 
T 10: P10 [running], 
T 11: P10 [running], P8 [I/O complete], 
T 12: P10 [running], P10 [I/O request], 
T 13: P8 [running], 
T 14: P8 [running], P10 [I/O complete], 
T 15: P8 [running], 
T 16: P8 [running], 
T 17: P8 [running], 
T 18: P8 [running], 
T 19: P8 [running], P8 [terminated], 
T 20: P10 [running], 
T 21: P10 [running], P10 [terminated], 
T 22: P7 [running], 
T 23: P7 [running], 
T 24: P7 [running], 
T 25: P7 [running], P7 [I/O request], 
T 26: P1 [running], 
T 27: P1 [running], P1 [I/O request], 
T 28: P3 [running], 
T 29: P3 [running], 
T 30: P3 [running], P7 [I/O complete], P1 [I/O complete], 
T 31: P3 [running], 
T 32: P3 [running], 
T 33: P3 [running], P3 [I/O request], 
T 34: P7 [running], P3 [I/O complete], 
T 35: P7 [running], 
T 36: P7 [running], 
T 37: P7 [running], 
T 38: P7 [running], P7 [terminated], 
T 39: P3 [running], 
T 40: P3 [running], 
T 41: P3 [running], 
T 42: P3 [running], 
T 43: P3 [running], 
T 44: P3 [running], P3 [terminated], 
T 45: P1 [running], 
T 46: P1 [running], 
T 47: P1 [running], 
T 48: P1 [running], 
T 49: P1 [running], 
T 50: P1 [running], 
T 51: P1 [running], 
T 52: P1 [running], 
T 53: P1 [running], P1 [terminated], 
T 54: P4 [running], 
T 55: P4 [running], 
T 56: P4 [running], 
T 57: P4 [running], 
T 58: P4 [running], P4 [I/O request], 
T 59: P9 [running], 
T 60: P9 [running], P4 [I/O complete], 
T 61: P9 [running], 
T 62: P9 [running], 
T 63: P9 [running], 
T 64: P9 [running], 
T 65: P9 [running], 
T 66: P9 [running], P9 [I/O request], 
T 67: P4 [running], 
T 68: P4 [running], 
T 69: P4 [running], 
T 70: P4 [running], 
T 71: P4 [running], P9 [I/O complete], 
T 72: P4 [running], 
T 73: P4 [running], 
T 74: P4 [running], 
T 75: P4 [running], P4 [terminated], 
T 76: P9 [running], 
T 77: P9 [running], 
T 78: P9 [running], 
T 79: P9 [running], 
T 80: P9 [running], 
T 81: P9 [running], 
T 82: P9 [running], 
T 83: P9 [running], 
T 84: P9 [running], P9 [terminated], 
T 85: P2 [running], 
T 86: P2 [running], 
T 87: P2 [running], 
T 88: P2 [running], 
T 89: P2 [running], 
T 90: P2 [running], 
T 91: P2 [running], 
T 92: P2 [running], 
T 93: P2 [running], 
T 94: P2 [running], 
T 95: P2 [running], 
T 96: P2 [running], P2 [I/O request], 
T 97: P6 [running], 
T 98: P6 [running], 
T 99: P6 [running], P2 [I/O complete], 
T 100: P6 [running], 
T 101: P6 [running], 
T 102: P6 [running], 
T 103: P6 [running], 
T 104: P6 [running], 
T 105: P6 [running], 
T 106: P6 [running], 
T 107: P6 [running], 
T 108: P6 [running], 
T 109: P6 [running], 
T 110: P6 [running], 
T 111: P6 [running], 
T 112: P6 [running], 
T 113: P6 [running], 
T 114: P6 [running], 
T 115: P6 [running], 
T 116: P6 [running], P6 [terminated], 
T 117: P2 [running], 
T 118: P2 [running], 
T 119: P2 [running], 
T 120: P2 [running], 
T 121: P2 [running], 
T 122: P2 [running], P2 [terminated], 
T 123: P5 [running], 
T 124: P5 [running], 
T 125: P5 [running], 
T 126: P5 [running], 
T 127: P5 [running], 
T 128: P5 [running], 
T 129: P5 [running], 
T 130: P5 [running], 
T 131: P5 [running], 
T 132: P5 [running], 
T 133: P5 [running], 
T 134: P5 [running], 
T 135: P5 [running], 
T 136: P5 [running], 
T 137: P5 [running], 
T 138: P5 [running], 
T 139: P5 [running], P5 [I/O request], 
T 140: [CPU idle], 
T 141: [CPU idle], 
T 142: [CPU idle], 
T 143: [CPU idle], 
T 144: [CPU idle], P5 [I/O complete], 
T 145: P5 [running], 
T 146: P5 [running], 
T 147: P5 [running], P5 [terminated], 

[pid: 2, wait_time: 100, turnaround_time: 121]
[pid: 8, wait_time: 1, turnaround_time: 18]
[pid: 4, wait_time: 55, turnaround_time: 71]
[pid: 6, wait_time: 92, turnaround_time: 112]
[pid: 9, wait_time: 58, turnaround_time: 80]
[pid: 5, wait_time: 117, turnaround_time: 142]
[pid: 7, wait_time: 19, turnaround_time: 33]
[pid: 10, wait_time: 5, turnaround_time: 15]
[pid: 1, wait_time: 32, turnaround_time: 46]
[pid: 3, wait_time: 22, turnaround_time: 35]

평균 대기 시간: 50.10
평균 반환 시간: 67.30
===============================================================
<Preemptive Shortest Job First Algorithm>
T 0: [CPU idle], 
T 1: [CPU idle], 
T 2: P8 [running], 
T 3: P8 [running], 
T 4: P8 [running], 
T 5: P8 [running], 
T 6: P8 [running], P8 [I/O request], 
T 7: P10 [running], 
T 8: P10 [running], 
T 9: P10 [running], 
T 10: P10 [running], 
T 11: P10 [running], P8 [I/O complete], 
T 12: P10 [running], P10 [I/O request], 
T 13: P8 [running], 
T 14: P8 [running], P10 [I/O complete], 
T 15: P10 [running], 
T 16: P10 [running], P10 [terminated], 
T 17: P8 [running], 
T 18: P8 [running], 
T 19: P8 [running], 
T 20: P8 [running], 
T 21: P8 [running], P8 [terminated], 
T 22: P7 [running], 
T 23: P7 [running], 
T 24: P7 [running], 
T 25: P7 [running], P7 [I/O request], 
T 26: P1 [running], 
T 27: P1 [running], P1 [I/O request], 
T 28: P3 [running], 
T 29: P3 [running], 
T 30: P3 [running], P7 [I/O complete], P1 [I/O complete], 
T 31: P7 [running], 
T 32: P7 [running], 
T 33: P7 [running], 
T 34: P7 [running], 
T 35: P7 [running], P7 [terminated], 
T 36: P1 [running], 
T 37: P1 [running], 
T 38: P1 [running], 
T 39: P1 [running], 
T 40: P1 [running], 
T 41: P1 [running], 
T 42: P1 [running], 
T 43: P1 [running], 
T 44: P1 [running], P1 [terminated], 
T 45: P3 [running], 
T 46: P3 [running], 
T 47: P3 [running], P3 [I/O request], 
T 48: P4 [running], P3 [I/O complete], 
T 49: P3 [running], 
T 50: P3 [running], 
T 51: P3 [running], 
T 52: P3 [running], 
T 53: P3 [running], 
T 54: P3 [running], P3 [terminated], 
T 55: P4 [running], 
T 56: P4 [running], 
T 57: P4 [running], 
T 58: P4 [running], P4 [I/O request], 
T 59: P9 [running], 
T 60: P9 [running], P4 [I/O complete], 
T 61: P4 [running], 
T 62: P4 [running], 
T 63: P4 [running], 
T 64: P4 [running], 
T 65: P4 [running], 
T 66: P4 [running], 
T 67: P4 [running], 
T 68: P4 [running], 
T 69: P4 [running], P4 [terminated], 
T 70: P9 [running], 
T 71: P9 [running], 
T 72: P9 [running], 
T 73: P9 [running], 
T 74: P9 [running], 
T 75: P9 [running], P9 [I/O request], 
T 76: P2 [running], 
T 77: P2 [running], 
T 78: P2 [running], 
T 79: P2 [running], 
T 80: P2 [running], P9 [I/O complete], 
T 81: P9 [running], 
T 82: P9 [running], 
T 83: P9 [running], 
T 84: P9 [running], 
T 85: P9 [running], 
T 86: P9 [running], 
T 87: P9 [running], 
T 88: P9 [running], 
T 89: P9 [running], P9 [terminated], 
T 90: P2 [running], 
T 91: P2 [running], 
T 92: P2 [running], 
T 93: P2 [running], 
T 94: P2 [running], 
T 95: P2 [running], 
T 96: P2 [running], P2 [I/O request], 
T 97: P6 [running], 
T 98: P6 [running], 
T 99: P6 [running], P2 [I/O complete], 
T 100: P2 [running], 
T 101: P2 [running], 
T 102: P2 [running], 
T 103: P2 [running], 
T 104: P2 [running], 
T 105: P2 [running], P2 [terminated], 
T 106: P6 [running], 
T 107: P6 [running], 
T 108: P6 [running], 
T 109: P6 [running], 
T 110: P6 [running], 
T 111: P6 [running], 
T 112: P6 [running], 
T 113: P6 [running], 
T 114: P6 [running], 
T 115: P6 [running], 
T 116: P6 [running], 
T 117: P6 [running], 
T 118: P6 [running], 
T 119: P6 [running], 
T 120: P6 [running], 
T 121: P6 [running], 
T 122: P6 [running], P6 [terminated], 
T 123: P5 [running], 
T 124: P5 [running], 
T 125: P5 [running], 
T 126: P5 [running], 
T 127: P5 [running], 
T 128: P5 [running], 
T 129: P5 [running], 
T 130: P5 [running], 
T 131: P5 [running], 
T 132: P5 [running], 
T 133: P5 [running], 
T 134: P5 [running], 
T 135: P5 [running], 
T 136: P5 [running], 
T 137: P5 [running], 
T 138: P5 [running], 
T 139: P5 [running], P5 [I/O request], 
T 140: [CPU idle], 
T 141: [CPU idle], 
T 142: [CPU idle], 
T 143: [CPU idle], 
T 144: [CPU idle], P5 [I/O complete], 
T 145: P5 [running], 
T 146: P5 [running], 
T 147: P5 [running], P5 [terminated], 

[pid: 2, wait_time: 83, turnaround_time: 104]
[pid: 8, wait_time: 3, turnaround_time: 20]
[pid: 4, wait_time: 49, turnaround_time: 65]
[pid: 6, wait_time: 98, turnaround_time: 118]
[pid: 9, wait_time: 63, turnaround_time: 85]
[pid: 5, wait_time: 117, turnaround_time: 142]
[pid: 7, wait_time: 16, turnaround_time: 30]
[pid: 10, wait_time: 0, turnaround_time: 10]
[pid: 1, wait_time: 23, turnaround_time: 37]
[pid: 3, wait_time: 32, turnaround_time: 45]

평균 대기 시간: 48.40
평균 반환 시간: 65.60
===============================================================
<Non-preemptive Priority Algorithm>
T 0: [CPU idle], 
T 1: [CPU idle], 
T 2: P2 [running], 
T 3: P2 [running], 
T 4: P2 [running], 
T 5: P2 [running], 
T 6: P2 [running], 
T 7: P2 [running], 
T 8: P2 [running], 
T 9: P2 [running], 
T 10: P2 [running], 
T 11: P2 [running], 
T 12: P2 [running], 
T 13: P2 [running], P2 [I/O request], 
T 14: P6 [running], 
T 15: P6 [running], 
T 16: P6 [running], P2 [I/O complete], 
T 17: P6 [running], 
T 18: P6 [running], 
T 19: P6 [running], 
T 20: P6 [running], 
T 21: P6 [running], 
T 22: P6 [running], 
T 23: P6 [running], 
T 24: P6 [running], 
T 25: P6 [running], 
T 26: P6 [running], 
T 27: P6 [running], 
T 28: P6 [running], 
T 29: P6 [running], 
T 30: P6 [running], 
T 31: P6 [running], 
T 32: P6 [running], 
T 33: P6 [running], P6 [terminated], 
T 34: P2 [running], 
T 35: P2 [running], 
T 36: P2 [running], 
T 37: P2 [running], 
T 38: P2 [running], 
T 39: P2 [running], P2 [terminated], 
T 40: P7 [running], 
T 41: P7 [running], 
T 42: P7 [running], 
T 43: P7 [running], P7 [I/O request], 
T 44: P4 [running], 
T 45: P4 [running], 
T 46: P4 [running], 
T 47: P4 [running], 
T 48: P4 [running], P7 [I/O complete], P4 [I/O request], 
T 49: P7 [running], 
T 50: P7 [running], P4 [I/O complete], 
T 51: P7 [running], 
T 52: P7 [running], 
T 53: P7 [running], P7 [terminated], 
T 54: P4 [running], 
T 55: P4 [running], 
T 56: P4 [running], 
T 57: P4 [running], 
T 58: P4 [running], 
T 59: P4 [running], 
T 60: P4 [running], 
T 61: P4 [running], 
T 62: P4 [running], P4 [terminated], 
T 63: P1 [running], 
T 64: P1 [running], P1 [I/O request], 
T 65: P10 [running], 
T 66: P10 [running], 
T 67: P10 [running], P1 [I/O complete], 
T 68: P10 [running], 
T 69: P10 [running], 
T 70: P10 [running], P10 [I/O request], 
T 71: P1 [running], 
T 72: P1 [running], P10 [I/O complete], 
T 73: P1 [running], 
T 74: P1 [running], 
T 75: P1 [running], 
T 76: P1 [running], 
T 77: P1 [running], 
T 78: P1 [running], 
T 79: P1 [running], P1 [terminated], 
T 80: P10 [running], 
T 81: P10 [running], P10 [terminated], 
T 82: P8 [running], 
T 83: P8 [running], 
T 84: P8 [running], 
T 85: P8 [running], 
T 86: P8 [running], P8 [I/O request], 
T 87: P5 [running], 
T 88: P5 [running], 
T 89: P5 [running], 
T 90: P5 [running], 
T 91: P5 [running], P8 [I/O complete], 
T 92: P5 [running], 
T 93: P5 [running], 
T 94: P5 [running], 
T 95: P5 [running], 
T 96: P5 [running], 
T 97: P5 [running], 
T 98: P5 [running], 
T 99: P5 [running], 
T 100: P5 [running], 
T 101: P5 [running], 
T 102: P5 [running], 
T 103: P5 [running], P5 [I/O request], 
T 104: P8 [running], 
T 105: P8 [running], 
T 106: P8 [running], 
T 107: P8 [running], 
T 108: P8 [running], P5 [I/O complete], 
T 109: P8 [running], 
T 110: P8 [running], P8 [terminated], 
T 111: P5 [running], 
T 112: P5 [running], 
T 113: P5 [running], P5 [terminated], 
T 114: P3 [running], 
T 115: P3 [running], 
T 116: P3 [running], 
T 117: P3 [running], 
T 118: P3 [running], 
T 119: P3 [running], P3 [I/O request], 
T 120: P9 [running], P3 [I/O complete], 
T 121: P9 [running], 
T 122: P9 [running], 
T 123: P9 [running], 
T 124: P9 [running], 
T 125: P9 [running], 
T 126: P9 [running], 
T 127: P9 [running], P9 [I/O request], 
T 128: P3 [running], 
T 129: P3 [running], 
T 130: P3 [running], 
T 131: P3 [running], 
T 132: P3 [running], P9 [I/O complete], 
T 133: P3 [running], P3 [terminated], 
T 134: P9 [running], 
T 135: P9 [running], 
T 136: P9 [running], 
T 137: P9 [running], 
T 138: P9 [running], 
T 139: P9 [running], 
T 140: P9 [running], 
T 141: P9 [running], 
T 142: P9 [running], P9 [terminated], 

[pid: 2, wait_time: 17, turnaround_time: 38]
[pid: 8, wait_time: 92, turnaround_time: 109]
[pid: 4, wait_time: 42, turnaround_time: 58]
[pid: 6, wait_time: 9, turnaround_time: 29]
[pid: 9, wait_time: 116, turnaround_time: 138]
[pid: 5, wait_time: 83, turnaround_time: 108]
[pid: 7, wait_time: 34, turnaround_time: 48]
[pid: 10, wait_time: 65, turnaround_time: 75]
[pid: 1, wait_time: 58, turnaround_time: 72]
[pid: 3, wait_time: 111, turnaround_time: 124]

평균 대기 시간: 62.70
평균 반환 시간: 79.90
===============================================================
<Preemptive Priority Algorithm>
T 0: [CPU idle], 
T 1: [CPU idle], 
T 2: P2 [running], 
T 3: P2 [running], 
T 4: P2 [running], 
T 5: P6 [running], 
T 6: P6 [running], 
T 7: P6 [running], 
T 8: P6 [running], 
T 9: P6 [running], 
T 10: P6 [running], 
T 11: P6 [running], 
T 12: P6 [running], 
T 13: P6 [running], 
T 14: P6 [running], 
T 15: P6 [running], 
T 16: P6 [running], 
T 17: P6 [running], 
T 18: P6 [running], 
T 19: P6 [running], 
T 20: P6 [running], 
T 21: P6 [running], 
T 22: P6 [running], 
T 23: P6 [running], 
T 24: P6 [running], P6 [terminated], 
T 25: P2 [running], 
T 26: P2 [running], 
T 27: P2 [running], 
T 28: P2 [running], 
T 29: P2 [running], 
T 30: P2 [running], 
T 31: P2 [running], 
T 32: P2 [running], 
T 33: P2 [running], P2 [I/O request], 
T 34: P7 [running], 
T 35: P7 [running], 
T 36: P7 [running], P2 [I/O complete], 
T 37: P2 [running], 
T 38: P2 [running], 
T 39: P2 [running], 
T 40: P2 [running], 
T 41: P2 [running], 
T 42: P2 [running], P2 [terminated], 
T 43: P7 [running], P7 [I/O request], 
T 44: P4 [running], 
T 45: P4 [running], 
T 46: P4 [running], 
T 47: P4 [running], 
T 48: P4 [running], P7 [I/O complete], P4 [I/O request], 
T 49: P7 [running], 
T 50: P7 [running], P4 [I/O complete], 
T 51: P7 [running], 
T 52: P7 [running], 
T 53: P7 [running], P7 [terminated], 
T 54: P4 [running], 
T 55: P4 [running], 
T 56: P4 [running], 
T 57: P4 [running], 
T 58: P4 [running], 
T 59: P4 [running], 
T 60: P4 [running], 
T 61: P4 [running], 
T 62: P4 [running], P4 [terminated], 
T 63: P1 [running], 
T 64: P1 [running], P1 [I/O request], 
T 65: P10 [running], 
T 66: P10 [running], 
T 67: P10 [running], P1 [I/O complete], 
T 68: P1 [running], 
T 69: P1 [running], 
T 70: P1 [running], 
T 71: P1 [running], 
T 72: P1 [running], 
T 73: P1 [running], 
T 74: P1 [running], 
T 75: P1 [running], 
T 76: P1 [running], P1 [terminated], 
T 77: P10 [running], 
T 78: P10 [running], 
T 79: P10 [running], P10 [I/O request], 
T 80: P8 [running], 
T 81: P8 [running], P10 [I/O complete], 
T 82: P10 [running], 
T 83: P10 [running], P10 [terminated], 
T 84: P8 [running], 
T 85: P8 [running], 
T 86: P8 [running], P8 [I/O request], 
T 87: P5 [running], 
T 88: P5 [running], 
T 89: P5 [running], 
T 90: P5 [running], 
T 91: P5 [running], P8 [I/O complete], 
T 92: P5 [running], 
T 93: P5 [running], 
T 94: P5 [running], 
T 95: P5 [running], 
T 96: P5 [running], 
T 97: P5 [running], 
T 98: P5 [running], 
T 99: P5 [running], 
T 100: P5 [running], 
T 101: P5 [running], 
T 102: P5 [running], 
T 103: P5 [running], P5 [I/O request], 
T 104: P8 [running], 
T 105: P8 [running], 
T 106: P8 [running], 
T 107: P8 [running], 
T 108: P8 [running], P5 [I/O complete], 
T 109: P8 [running], 
T 110: P8 [running], P8 [terminated], 
T 111: P5 [running], 
T 112: P5 [running], 
T 113: P5 [running], P5 [terminated], 
T 114: P3 [running], 
T 115: P3 [running], 
T 116: P3 [running], 
T 117: P3 [running], 
T 118: P3 [running], 
T 119: P3 [running], P3 [I/O request], 
T 120: P9 [running], P3 [I/O complete], 
T 121: P3 [running], 
T 122: P3 [running], 
T 123: P3 [running], 
T 124: P3 [running], 
T 125: P3 [running], 
T 126: P3 [running], P3 [terminated], 
T 127: P9 [running], 
T 128: P9 [running], 
T 129: P9 [running], 
T 130: P9 [running], 
T 131: P9 [running], 
T 132: P9 [running], 
T 133: P9 [running], P9 [I/O request], 
T 134: [CPU idle], 
T 135: [CPU idle], 
T 136: [CPU idle], 
T 137: [CPU idle], 
T 138: [CPU idle], P9 [I/O complete], 
T 139: P9 [running], 
T 140: P9 [running], 
T 141: P9 [running], 
T 142: P9 [running], 
T 143: P9 [running], 
T 144: P9 [running], 
T 145: P9 [running], 
T 146: P9 [running], 
T 147: P9 [running], P9 [terminated], 

[pid: 2, wait_time: 20, turnaround_time: 41]
[pid: 8, wait_time: 92, turnaround_time: 109]
[pid: 4, wait_time: 42, turnaround_time: 58]
[pid: 6, wait_time: 0, turnaround_time: 20]
[pid: 9, wait_time: 121, turnaround_time: 143]
[pid: 5, wait_time: 83, turnaround_time: 108]
[pid: 7, wait_time: 34, turnaround_time: 48]
[pid: 10, wait_time: 67, turnaround_time: 77]
[pid: 1, wait_time: 55, turnaround_time: 69]
[pid: 3, wait_time: 104, turnaround_time: 117]

평균 대기 시간: 61.80
평균 반환 시간: 79.00
===============================================================
<Round Robin Algorithm (time quantum: 5)>
T 0: [CPU idle], 
T 1: [CPU idle], 
T 2: P2 [running], 
T 3: P2 [running], 
T 4: P2 [running], 
T 5: P2 [running], 
T 6: P2 [running], 
T 7: P8 [running], 
T 8: P8 [running], 
T 9: P8 [running], 
T 10: P8 [running], 
T 11: P8 [running], P8 [I/O request], 
T 12: P4 [running], 
T 13: P4 [running], 
T 14: P4 [running], 
T 15: P4 [running], 
T 16: P4 [running], P8 [I/O complete], P4 [I/O request], 
T 17: P6 [running], 
T 18: P6 [running], P4 [I/O complete], 
T 19: P6 [running], 
T 20: P6 [running], 
T 21: P6 [running], 
T 22: P9 [running], 
T 23: P9 [running], 
T 24: P9 [running], 
T 25: P9 [running], 
T 26: P9 [running], 
T 27: P5 [running], 
T 28: P5 [running], 
T 29: P5 [running], 
T 30: P5 [running], 
T 31: P5 [running], 
T 32: P7 [running], 
T 33: P7 [running], 
T 34: P7 [running], 
T 35: P7 [running], P7 [I/O request], 
T 36: P10 [running], 
T 37: P10 [running], 
T 38: P10 [running], 
T 39: P10 [running], 
T 40: P10 [running], P7 [I/O complete], 
T 41: P2 [running], 
T 42: P2 [running], 
T 43: P2 [running], 
T 44: P2 [running], 
T 45: P2 [running], 
T 46: P1 [running], 
T 47: P1 [running], P1 [I/O request], 
T 48: P3 [running], 
T 49: P3 [running], 
T 50: P3 [running], P1 [I/O complete], 
T 51: P3 [running], 
T 52: P3 [running], 
T 53: P8 [running], 
T 54: P8 [running], 
T 55: P8 [running], 
T 56: P8 [running], 
T 57: P8 [running], 
T 58: P4 [running], 
T 59: P4 [running], 
T 60: P4 [running], 
T 61: P4 [running], 
T 62: P4 [running], 
T 63: P6 [running], 
T 64: P6 [running], 
T 65: P6 [running], 
T 66: P6 [running], 
T 67: P6 [running], 
T 68: P9 [running], 
T 69: P9 [running], 
T 70: P9 [running], P9 [I/O request], 
T 71: P5 [running], 
T 72: P5 [running], 
T 73: P5 [running], 
T 74: P5 [running], 
T 75: P5 [running], P9 [I/O complete], 
T 76: P7 [running], 
T 77: P7 [running], 
T 78: P7 [running], 
T 79: P7 [running], 
T 80: P7 [running], P7 [terminated], 
T 81: P10 [running], P10 [I/O request], 
T 82: P2 [running], 
T 83: P2 [running], P10 [I/O complete], P2 [I/O request], 
T 84: P1 [running], 
T 85: P1 [running], 
T 86: P1 [running], P2 [I/O complete], 
T 87: P1 [running], 
T 88: P1 [running], 
T 89: P3 [running], P3 [I/O request], 
T 90: P8 [running], P3 [I/O complete], 
T 91: P8 [running], P8 [terminated], 
T 92: P4 [running], 
T 93: P4 [running], 
T 94: P4 [running], 
T 95: P4 [running], P4 [terminated], 
T 96: P6 [running], 
T 97: P6 [running], 
T 98: P6 [running], 
T 99: P6 [running], 
T 100: P6 [running], 
T 101: P9 [running], 
T 102: P9 [running], 
T 103: P9 [running], 
T 104: P9 [running], 
T 105: P9 [running], 
T 106: P5 [running], 
T 107: P5 [running], 
T 108: P5 [running], 
T 109: P5 [running], 
T 110: P5 [running], 
T 111: P10 [running], 
T 112: P10 [running], P10 [terminated], 
T 113: P2 [running], 
T 114: P2 [running], 
T 115: P2 [running], 
T 116: P2 [running], 
T 117: P2 [running], 
T 118: P1 [running], 
T 119: P1 [running], 
T 120: P1 [running], 
T 121: P1 [running], P1 [terminated], 
T 122: P3 [running], 
T 123: P3 [running], 
T 124: P3 [running], 
T 125: P3 [running], 
T 126: P3 [running], 
T 127: P6 [running], 
T 128: P6 [running], 
T 129: P6 [running], 
T 130: P6 [running], 
T 131: P6 [running], P6 [terminated], 
T 132: P9 [running], 
T 133: P9 [running], 
T 134: P9 [running], 
T 135: P9 [running], P9 [terminated], 
T 136: P5 [running], 
T 137: P5 [running], P5 [I/O request], 
T 138: P2 [running], P2 [terminated], 
T 139: P3 [running], P3 [terminated], 
T 140: [CPU idle], 
T 141: [CPU idle], 
T 142: [CPU idle], P5 [I/O complete], 
T 143: P5 [running], 
T 144: P5 [running], 
T 145: P5 [running], P5 [terminated], 

[pid: 2, wait_time: 116, turnaround_time: 137]
[pid: 8, wait_time: 73, turnaround_time: 90]
[pid: 4, wait_time: 75, turnaround_time: 91]
[pid: 6, wait_time: 107, turnaround_time: 127]
[pid: 9, wait_time: 109, turnaround_time: 131]
[pid: 5, wait_time: 115, turnaround_time: 140]
[pid: 7, wait_time: 61, turnaround_time: 75]
[pid: 10, wait_time: 96, turnaround_time: 106]
[pid: 1, wait_time: 100, turnaround_time: 114]
[pid: 3, wait_time: 117, turnaround_time: 130]

평균 대기 시간: 96.90
평균 반환 시간: 114.10
===============================================================
<Non-preemptive Longest I/O Shortest Job First Algorithm>
T 0: [CPU idle], 
T 1: [CPU idle], 
T 2: P8 [running], 
T 3: P8 [running], 
T 4: P8 [running], 
T 5: P8 [running], 
T 6: P8 [running], P8 [I/O request], 
T 7: P7 [running], 
T 8: P7 [running], 
T 9: P7 [running], 
T 10: P7 [running], P7 [I/O request], 
T 11: P9 [running], P8 [I/O complete], 
T 12: P9 [running], 
T 13: P9 [running], 
T 14: P9 [running], 
T 15: P9 [running], P7 [I/O complete], 
T 16: P9 [running], 
T 17: P9 [running], 
T 18: P9 [running], P9 [I/O request], 
T 19: P5 [running], 
T 20: P5 [running], 
T 21: P5 [running], 
T 22: P5 [running], 
T 23: P5 [running], P9 [I/O complete], 
T 24: P5 [running], 
T 25: P5 [running], 
T 26: P5 [running], 
T 27: P5 [running], 
T 28: P5 [running], 
T 29: P5 [running], 
T 30: P5 [running], 
T 31: P5 [running], 
T 32: P5 [running], 
T 33: P5 [running], 
T 34: P5 [running], 
T 35: P5 [running], P5 [I/O request], 
T 36: P1 [running], 
T 37: P1 [running], P1 [I/O request], 
T 38: P2 [running], 
T 39: P2 [running], 
T 40: P2 [running], P5 [I/O complete], P1 [I/O complete], 
T 41: P2 [running], 
T 42: P2 [running], 
T 43: P2 [running], 
T 44: P2 [running], 
T 45: P2 [running], 
T 46: P2 [running], 
T 47: P2 [running], 
T 48: P2 [running], 
T 49: P2 [running], P2 [I/O request], 
T 50: P10 [running], 
T 51: P10 [running], 
T 52: P10 [running], P2 [I/O complete], 
T 53: P10 [running], 
T 54: P10 [running], 
T 55: P10 [running], P10 [I/O request], 
T 56: P4 [running], 
T 57: P4 [running], P10 [I/O complete], 
T 58: P4 [running], 
T 59: P4 [running], 
T 60: P4 [running], P4 [I/O request], 
T 61: P3 [running], 
T 62: P3 [running], P4 [I/O complete], 
T 63: P3 [running], 
T 64: P3 [running], 
T 65: P3 [running], 
T 66: P3 [running], P3 [I/O request], 
T 67: P10 [running], P3 [I/O complete], 
T 68: P10 [running], P10 [terminated], 
T 69: P5 [running], 
T 70: P5 [running], 
T 71: P5 [running], P5 [terminated], 
T 72: P7 [running], 
T 73: P7 [running], 
T 74: P7 [running], 
T 75: P7 [running], 
T 76: P7 [running], P7 [terminated], 
T 77: P2 [running], 
T 78: P2 [running], 
T 79: P2 [running], 
T 80: P2 [running], 
T 81: P2 [running], 
T 82: P2 [running], P2 [terminated], 
T 83: P3 [running], 
T 84: P3 [running], 
T 85: P3 [running], 
T 86: P3 [running], 
T 87: P3 [running], 
T 88: P3 [running], P3 [terminated], 
T 89: P8 [running], 
T 90: P8 [running], 
T 91: P8 [running], 
T 92: P8 [running], 
T 93: P8 [running], 
T 94: P8 [running], 
T 95: P8 [running], P8 [terminated], 
T 96: P4 [running], 
T 97: P4 [running], 
T 98: P4 [running], 
T 99: P4 [running], 
T 100: P4 [running], 
T 101: P4 [running], 
T 102: P4 [running], 
T 103: P4 [running], 
T 104: P4 [running], P4 [terminated], 
T 105: P9 [running], 
T 106: P9 [running], 
T 107: P9 [running], 
T 108: P9 [running], 
T 109: P9 [running], 
T 110: P9 [running], 
T 111: P9 [running], 
T 112: P9 [running], 
T 113: P9 [running], P9 [terminated], 
T 114: P1 [running], 
T 115: P1 [running], 
T 116: P1 [running], 
T 117: P1 [running], 
T 118: P1 [running], 
T 119: P1 [running], 
T 120: P1 [running], 
T 121: P1 [running], 
T 122: P1 [running], P1 [terminated], 
T 123: P6 [running], 
T 124: P6 [running], 
T 125: P6 [running], 
T 126: P6 [running], 
T 127: P6 [running], 
T 128: P6 [running], 
T 129: P6 [running], 
T 130: P6 [running], 
T 131: P6 [running], 
T 132: P6 [running], 
T 133: P6 [running], 
T 134: P6 [running], 
T 135: P6 [running], 
T 136: P6 [running], 
T 137: P6 [running], 
T 138: P6 [running], 
T 139: P6 [running], 
T 140: P6 [running], 
T 141: P6 [running], 
T 142: P6 [running], P6 [terminated], 

[pid: 2, wait_time: 60, turnaround_time: 81]
[pid: 8, wait_time: 77, turnaround_time: 94]
[pid: 4, wait_time: 84, turnaround_time: 100]
[pid: 6, wait_time: 118, turnaround_time: 138]
[pid: 9, wait_time: 87, turnaround_time: 109]
[pid: 5, wait_time: 41, turnaround_time: 66]
[pid: 7, wait_time: 57, turnaround_time: 71]
[pid: 10, wait_time: 52, turnaround_time: 62]
[pid: 1, wait_time: 101, turnaround_time: 115]
[pid: 3, wait_time: 66, turnaround_time: 79]

평균 대기 시간: 74.30
평균 반환 시간: 91.50
===============================================================
<Preemptive Longest I/O Shortest Job First Algorithm>
T 0: [CPU idle], 
T 1: [CPU idle], 
T 2: P8 [running], 
T 3: P8 [running], 
T 4: P8 [running], 
T 5: P8 [running], 
T 6: P8 [running], P8 [I/O request], 
T 7: P7 [running], 
T 8: P7 [running], 
T 9: P7 [running], 
T 10: P7 [running], P7 [I/O request], 
T 11: P9 [running], P8 [I/O complete], 
T 12: P9 [running], 
T 13: P9 [running], 
T 14: P9 [running], 
T 15: P9 [running], P7 [I/O complete], 
T 16: P9 [running], 
T 17: P9 [running], 
T 18: P9 [running], P9 [I/O request], 
T 19: P5 [running], 
T 20: P5 [running], 
T 21: P5 [running], 
T 22: P5 [running], 
T 23: P5 [running], P9 [I/O complete], 
T 24: P5 [running], 
T 25: P5 [running], 
T 26: P5 [running], 
T 27: P5 [running], 
T 28: P5 [running], 
T 29: P5 [running], 
T 30: P5 [running], 
T 31: P5 [running], 
T 32: P5 [running], 
T 33: P5 [running], 
T 34: P5 [running], 
T 35: P5 [running], P5 [I/O request], 
T 36: P1 [running], 
T 37: P1 [running], P1 [I/O request], 
T 38: P2 [running], 
T 39: P2 [running], 
T 40: P2 [running], P5 [I/O complete], P1 [I/O complete], 
T 41: P2 [running], 
T 42: P2 [running], 
T 43: P2 [running], 
T 44: P2 [running], 
T 45: P2 [running], 
T 46: P2 [running], 
T 47: P2 [running], 
T 48: P2 [running], 
T 49: P2 [running], P2 [I/O request], 
T 50: P10 [running], 
T 51: P10 [running], 
T 52: P10 [running], P2 [I/O complete], 
T 53: P10 [running], 
T 54: P10 [running], 
T 55: P10 [running], P10 [I/O request], 
T 56: P4 [running], 
T 57: P4 [running], P10 [I/O complete], 
T 58: P4 [running], 
T 59: P4 [running], 
T 60: P4 [running], P4 [I/O request], 
T 61: P3 [running], 
T 62: P3 [running], P4 [I/O complete], 
T 63: P3 [running], 
T 64: P3 [running], 
T 65: P3 [running], 
T 66: P3 [running], P3 [I/O request], 
T 67: P10 [running], P3 [I/O complete], 
T 68: P10 [running], P10 [terminated], 
T 69: P5 [running], 
T 70: P5 [running], 
T 71: P5 [running], P5 [terminated], 
T 72: P7 [running], 
T 73: P7 [running], 
T 74: P7 [running], 
T 75: P7 [running], 
T 76: P7 [running], P7 [terminated], 
T 77: P2 [running], 
T 78: P2 [running], 
T 79: P2 [running], 
T 80: P2 [running], 
T 81: P2 [running], 
T 82: P2 [running], P2 [terminated], 
T 83: P3 [running], 
T 84: P3 [running], 
T 85: P3 [running], 
T 86: P3 [running], 
T 87: P3 [running], 
T 88: P3 [running], P3 [terminated], 
T 89: P8 [running], 
T 90: P8 [running], 
T 91: P8 [running], 
T 92: P8 [running], 
T 93: P8 [running], 
T 94: P8 [running], 
T 95: P8 [running], P8 [terminated], 
T 96: P4 [running], 
T 97: P4 [running], 
T 98: P4 [running], 
T 99: P4 [running], 
T 100: P4 [running], 
T 101: P4 [running], 
T 102: P4 [running], 
T 103: P4 [running], 
T 104: P4 [running], P4 [terminated], 
T 105: P9 [running], 
T 106: P9 [running], 
T 107: P9 [running], 
T 108: P9 [running], 
T 109: P9 [running], 
T 110: P9 [running], 
T 111: P9 [running], 
T 112: P9 [running], 
T 113: P9 [running], P9 [terminated], 
T 114: P1 [running], 
T 115: P1 [running], 
T 116: P1 [running], 
T 117: P1 [running], 
T 118: P1 [running], 
T 119: P1 [running], 
T 120: P1 [running], 
T 121: P1 [running], 
T 122: P1 [running], P1 [terminated], 
T 123: P6 [running], 
T 124: P6 [running], 
T 125: P6 [running], 
T 126: P6 [running], 
T 127: P6 [running], 
T 128: P6 [running], 
T 129: P6 [running], 
T 130: P6 [running], 
T 131: P6 [running], 
T 132: P6 [running], 
T 133: P6 [running], 
T 134: P6 [running], 
T 135: P6 [running], 
T 136: P6 [running], 
T 137: P6 [running], 
T 138: P6 [running], 
T 139: P6 [running], 
T 140: P6 [running], 
T 141: P6 [running], 
T 142: P6 [running], P6 [terminated], 

[pid: 2, wait_time: 60, turnaround_time: 81]
[pid: 8, wait_time: 77, turnaround_time: 94]
[pid: 4, wait_time: 84, turnaround_time: 100]
[pid: 6, wait_time: 118, turnaround_time: 138]
[pid: 9, wait_time: 87, turnaround_time: 109]
[pid: 5, wait_time: 41, turnaround_time: 66]
[pid: 7, wait_time: 57, turnaround_time: 71]
[pid: 10, wait_time: 52, turnaround_time: 62]
[pid: 1, wait_time: 101, turnaround_time: 115]
[pid: 3, wait_time: 66, turnaround_time: 79]

평균 대기 시간: 74.30
평균 반환 시간: 91.50
===============================================================
<평균 대기 시간 순위>
1등. Preemptive Shortest Job First Algorithm: 48.40
2등. Non-preemptive Shortest Job First Algorithm: 50.10
3등. Preemptive Priority Algorithm: 61.80
4등. Non-preemptive Priority Algorithm: 62.70
5등. First Come First Served Algorithm: 67.30
6등. Non-preemptive Longest I/O Shortest Job First Algorithm: 74.30
7등. Preemptive Longest I/O Shortest Job First Algorithm: 74.30
8등. Round Robin Algorithm: 96.90

<평균 반환 시간 순위>
1등. Preemptive Shortest Job First Algorithm: 65.60
2등. Non-preemptive Shortest Job First Algorithm: 67.30
3등. Preemptive Priority Algorithm: 79.00
4등. Non-preemptive Priority Algorithm: 79.90
5등. First Come First Served Algorithm: 84.50
6등. Non-preemptive Longest I/O Shortest Job First Algorithm: 91.50
7등. Preemptive Longest I/O Shortest Job First Algorithm: 91.50
8등. Round Robin Algorithm: 114.10
Process List:
Pid1: arrive=3, cpu_burst=5, io_burst=5, priority=3, io_start=4
Pid2: arrive=6, cpu_burst=16, io_burst=1, priority=2, io_start=6
Pid3: arrive=6, cpu_burst=7, io_burst=4, priority=3, io_start=6

<First Come First Served Algorithm>
T 0: [CPU idle], 
T 1: [CPU idle], 
T 2: [CPU idle], 
T 3: P1 [running], 
T 4: P1 [running], 
T 5: P1 [running], 
T 6: P1 [running], P1 [I/O request], 
T 7: P2 [running], 
T 8: P2 [running], 
T 9: P2 [running], 
T 10: P2 [running], 
T 11: P2 [running], P1 [I/O complete], 
T 12: P2 [running], P2 [I/O request], 
T 13: P1 [running], P1 [terminated], P2 [I/O complete], 
T 14: P2 [running], 
T 15: P2 [running], 
T 16: P2 [running], 
T 17: P2 [running], 
T 18: P2 [running], 
T 19: P2 [running], 
T 20: P2 [running], 
T 21: P2 [running], 
T 22: P2 [running], 
T 23: P2 [running], P2 [terminated], 
T 24: P3 [running], 
T 25: P3 [running], 
T 26: P3 [running], 
T 27: P3 [running], 
T 28: P3 [running], 
T 29: P3 [running], P3 [I/O request], 
T 30: [CPU idle], 
T 31: [CPU idle], 
T 32: [CPU idle], 
T 33: [CPU idle], P3 [I/O complete], 
T 34: P3 [running], P3 [terminated], 

[pid: 1, wait_time: 1, turnaround_time: 11]
[pid: 2, wait_time: 1, turnaround_time: 18]
[pid: 3, wait_time: 18, turnaround_time: 29]

평균 대기 시간: 6.67
평균 반환 시간: 19.33
===============================================================
<Non-preemptive Shortest Job First Algorithm>
T 0: [CPU idle], 
T 1: [CPU idle], 
T 2: [CPU idle], 
T 3: P1 [running], 
T 4: P1 [running], 
T 5: P1 [running], 
T 6: P1 [running], P1 [I/O request], 
T 7: P3 [running], 
T 8: P3 [running], 
T 9: P3 [running], 
T 10: P3 [running], 
T 11: P3 [running], P1 [I/O complete], 
T 12: P3 [running], P3 [I/O request], 
T 13: P1 [running], P1 [terminated], 
T 14: P2 [running], 
T 15: P2 [running], 
T 16: P2 [running], P3 [I/O complete], 
T 17: P2 [running], 
T 18: P2 [running], 
T 19: P2 [running], P2 [I/O request], 
T 20: P3 [running], P3 [terminated], P2 [I/O complete], 
T 21: P2 [running], 
T 22: P2 [running], 
T 23: P2 [running], 
T 24: P2 [running], 
T 25: P2 [running], 
T 26: P2 [running], 
T 27: P2 [running], 
T 28: P2 [running], 
T 29: P2 [running], 
T 30: P2 [running], P2 [terminated], 

[pid: 1, wait_time: 1, turnaround_time: 11]
[pid: 2, wait_time: 8, turnaround_time: 25]
[pid: 3, wait_time: 4, turnaround_time: 15]

평균 대기 시간: 4.33
평균 반환 시간: 17.00
===============================================================
<Preemptive Shortest Job First Algorithm>
T 0: [CPU idle], 
T 1: [CPU idle], 
T 2: [CPU idle], 
T 3: P1 [running], 
T 4: P1 [running], 
T 5: P1 [running], 
T 6: P1 [running], P1 [I/O request], 
T 7: P3 [running], 
T 8: P3 [running], 
T 9: P3 [running], 
T 10: P3 [running], 
T 11: P3 [running], P1 [I/O complete], 
T 12: P1 [running], P1 [terminated], 
T 13: P3 [running], P3 [I/O request], 
T 14: P2 [running], 
T 15: P2 [running], 
T 16: P2 [running], 
T 17: P2 [running], P3 [I/O complete], 
T 18: P3 [running], P3 [terminated], 
T 19: P2 [running], 
T 20: P2 [running], P2 [I/O request], 
T 21: [CPU idle], P2 [I/O complete], 
T 22: P2 [running], 
T 23: P2 [running], 
T 24: P2 [running], 
T 25: P2 [running], 
T 26: P2 [running], 
T 27: P2 [running], 
T 28: P2 [running], 
T 29: P2 [running], 
T 30: P2 [running], 
T 31: P2 [running], P2 [terminated], 

[pid: 1, wait_time: 0, turnaround_time: 10]
[pid: 2, wait_time: 9, turnaround_time: 26]
[pid: 3, wait_time: 2, turnaround_time: 13]

평균 대기 시간: 3.67
평균 반환 시간: 16.33
===============================================================
<Non-preemptive Priority Algorithm>
T 0: [CPU idle], 
T 1: [CPU idle], 
T 2: [CPU idle], 
T 3: P1 [running], 
T 4: P1 [running], 
T 5: P1 [running], 
T 6: P1 [running], P1 [I/O request], 
T 7: P2 [running], 
T 8: P2 [running], 
T 9: P2 [running], 
T 10: P2 [running], 
T 11: P2 [running], P1 [I/O complete], 
T 12: P2 [running], P2 [I/O request], 
T 13: P1 [running], P1 [terminated], P2 [I/O complete], 
T 14: P2 [running], 
T 15: P2 [running], 
T 16: P2 [running], 
T 17: P2 [running], 
T 18: P2 [running], 
T 19: P2 [running], 
T 20: P2 [running], 
T 21: P2 [running], 
T 22: P2 [running], 
T 23: P2 [running], P2 [terminated], 
T 24: P3 [running], 
T 25: P3 [running], 
T 26: P3 [running], 
T 27: P3 [running], 
T 28: P3 [running], 
T 29: P3 [running], P3 [I/O request], 
T 30: [CPU idle], 
T 31: [CPU idle], 
T 32: [CPU idle], 
T 33: [CPU idle], P3 [I/O complete], 
T 34: P3 [running], P3 [terminated], 

[pid: 1, wait_time: 1, turnaround_time: 11]
[pid: 2, wait_time: 1, turnaround_time: 18]
[pid: 3, wait_time: 18, turnaround_time: 29]

평균 대기 시간: 6.67
평균 반환 시간: 19.33
===============================================================
<Preemptive Priority Algorithm>
T 0: [CPU idle], 
T 1: [CPU idle], 
T 2: [CPU idle], 
T 3: P1 [running], 
T 4: P1 [running], 
T 5: P1 [running], 
T 6: P2 [running], 
T 7: P2 [running], 
T 8: P2 [running], 
T 9: P2 [running], 
T 10: P2 [running], 
T 11: P2 [running], P2 [I/O request], 
T 12: P1 [running], P2 [I/O complete], P1 [I/O request], 
T 13: P2 [running], 
T 14: P2 [running], 
T 15: P2 [running], 
T 16: P2 [running], 
T 17: P2 [running], P1 [I/O complete], 
T 18: P2 [running], 
T 19: P2 [running], 
T 20: P2 [running], 
T 21: P2 [running], 
T 22: P2 [running], P2 [terminated], 
T 23: P1 [running], P1 [terminated], 
T 24: P3 [running], 
T 25: P3 [running], 
T 26: P3 [running], 
T 27: P3 [running], 
T 28: P3 [running], 
T 29: P3 [running], P3 [I/O request], 
T 30: [CPU idle], 
T 31: [CPU idle], 
T 32: [CPU idle], 
T 33: [CPU idle], P3 [I/O complete], 
T 34: P3 [running], P3 [terminated], 

[pid: 1, wait_time: 11, turnaround_time: 21]
[pid: 2, wait_time: 0, turnaround_time: 17]
[pid: 3, wait_time: 18, turnaround_time: 29]

평균 대기 시간: 9.67
평균 반환 시간: 22.33
===============================================================
<Round Robin Algorithm (time quantum: 5)>
T 0: [CPU idle], 
T 1: [CPU idle], 
T 2: [CPU idle], 
T 3: P1 [running], 
T 4: P1 [running], 
T 5: P1 [running], 
T 6: P1 [running], P1 [I/O request], 
T 7: P2 [running], 
T 8: P2 [running], 
T 9: P2 [running], 
T 10: P2 [running], 
T 11: P2 [running], P1 [I/O complete], 
T 12: P3 [running], 
T 13: P3 [running], 
T 14: P3 [running], 
T 15: P3 [running], 
T 16: P3 [running], 
T 17: P1 [running], P1 [terminated], 
T 18: P2 [running], P2 [I/O request], 
T 19: P3 [running], P2 [I/O complete], P3 [I/O request], 
T 20: P2 [running], 
T 21: P2 [running], 
T 22: P2 [running], 
T 23: P2 [running], P3 [I/O complete], 
T 24: P2 [running], 
T 25: P3 [running], P3 [terminated], 
T 26: P2 [running], 
T 27: P2 [running], 
T 28: P2 [running], 
T 29: P2 [running], 
T 30: P2 [running], P2 [terminated], 

[pid: 1, wait_time: 5, turnaround_time: 15]
[pid: 2, wait_time: 8, turnaround_time: 25]
[pid: 3, wait_time: 9, turnaround_time: 20]

평균 대기 시간: 7.33
평균 반환 시간: 20.00
===============================================================
<Non-preemptive Longest I/O Shortest Job First Algorithm>
T 0: [CPU idle], 
T 1: [CPU idle], 
T 2: [CPU idle], 
T 3: P1 [running], 
T 4: P1 [running], 
T 5: P1 [running], 
T 6: P1 [running], P1 [I/O request], 
T 7: P3 [running], 
T 8: P3 [running], 
T 9: P3 [running], 
T 10: P3 [running], 
T 11: P3 [running], P1 [I/O complete], 
T 12: P3 [running], P3 [I/O request], 
T 13: P2 [running], 
T 14: P2 [running], 
T 15: P2 [running], 
T 16: P2 [running], P3 [I/O complete], 
T 17: P2 [running], 
T 18: P2 [running], P2 [I/O request], 
T 19: P1 [running], P1 [terminated], P2 [I/O complete], 
T 20: P3 [running], P3 [terminated], 
T 21: P2 [running], 
T 22: P2 [running], 
T 23: P2 [running], 
T 24: P2 [running], 
T 25: P2 [running], 
T 26: P2 [running], 
T 27: P2 [running], 
T 28: P2 [running], 
T 29: P2 [running], 
T 30: P2 [running], P2 [terminated], 

[pid: 1, wait_time: 7, turnaround_time: 17]
[pid: 2, wait_time: 8, turnaround_time: 25]
[pid: 3, wait_time: 4, turnaround_time: 15]

평균 대기 시간: 6.33
평균 반환 시간: 19.00
===============================================================
<Preemptive Longest I/O Shortest Job First Algorithm>
T 0: [CPU idle], 
T 1: [CPU idle], 
T 2: [CPU idle], 
T 3: P1 [running], 
T 4: P1 [running], 
T 5: P1 [running], 
T 6: P1 [running], P1 [I/O request], 
T 7: P3 [running], 
T 8: P3 [running], 
T 9: P3 [running], 
T 10: P3 [running], 
T 11: P3 [running], P1 [I/O complete], 
T 12: P3 [running], P3 [I/O request], 
T 13: P2 [running], 
T 14: P2 [running], 
T 15: P2 [running], 
T 16: P2 [running], P3 [I/O complete], 
T 17: P2 [running], 
T 18: P2 [running], P2 [I/O request], 
T 19: P1 [running], P1 [terminated], P2 [I/O complete], 
T 20: P3 [running], P3 [terminated], 
T 21: P2 [running], 
T 22: P2 [running], 
T 23: P2 [running], 
T 24: P2 [running], 
T 25: P2 [running], 
T 26: P2 [running], 
T 27: P2 [running], 
T 28: P2 [running], 
T 29: P2 [running], 
T 30: P2 [running], P2 [terminated], 

[pid: 1, wait_time: 7, turnaround_time: 17]
[pid: 2, wait_time: 8, turnaround_time: 25]
[pid: 3, wait_time: 4, turnaround_time: 15]

평균 대기 시간: 6.33
평균 반환 시간: 19.00
===============================================================
<평균 대기 시간 순위>
1등. Preemptive Shortest Job First Algorithm: 3.67
2등. Non-preemptive Shortest Job First Algorithm: 4.33
3등. Non-preemptive Longest I/O Shortest Job First Algorithm: 6.33
4등. Preemptive Longest I/O Shortest Job First Algorithm: 6.33
5등. First Come First Served Algorithm: 6.67
6등. Non-preemptive Priority Algorithm: 6.67
7등. Round Robin Algorithm: 7.33
8등. Preemptive Priority Algorithm: 9.67

<평균 반환 시간 순위>
1등. Preemptive Shortest Job First Algorithm: 16.33
2등. Non-preemptive Shortest Job First Algorithm: 17.00
3등. Non-preemptive Longest I/O Shortest Job First Algorithm: 19.00
4등. Preemptive Longest I/O Shortest Job First Algorithm: 19.00
5등. First Come First Served Algorithm: 19.33
6등. Non-preemptive Priority Algorithm: 19.33
7등. Round Robin Algorithm: 20.00
8등. Preemptive Priority Algorithm: 22.33
