Process List:
Pid2: arrive=6, cpu_burst=17, io_burst=2, priority=1, io_start=15
Pid3: arrive=6, cpu_burst=18, io_burst=5, priority=3, io_start=11
Pid1: arrive=9, cpu_burst=8, io_burst=4, priority=3, io_start=5

<First Come First Served Algorithm>
T 0: [CPU idle], 
T 1: [CPU idle], 
T 2: [CPU idle], 
T 3: [CPU idle], 
T 4: [CPU idle], 
T 5: [CPU idle], 
T 6: P2 [running], 
T 7: P2 [running], 
T 8: P2 [running], 
T 9: P2 [running], 
T 10: P2 [running], 
T 11: P2 [running], 
T 12: P2 [running], 
T 13: P2 [running], 
T 14: P2 [running], 
T 15: P2 [running], 
T 16: P2 [running], 
T 17: P2 [running], 
T 18: P2 [running], 
T 19: P2 [running], 
T 20: P2 [running], P2 [I/O request], 
T 21: P3 [running], 
T 22: P3 [running], P2 [I/O complete], 
T 23: P3 [running], 
T 24: P3 [running], 
T 25: P3 [running], 
T 26: P3 [running], 
T 27: P3 [running], 
T 28: P3 [running], 
T 29: P3 [running], 
T 30: P3 [running], 
T 31: P3 [running], P3 [I/O request], 
T 32: P2 [running], 
T 33: P2 [running], P2 [terminated], 
T 34: P1 [running], 
T 35: P1 [running], 
T 36: P1 [running], P3 [I/O complete], 
T 37: P1 [running], 
T 38: P1 [running], P1 [I/O request], 
T 39: P3 [running], 
T 40: P3 [running], 
T 41: P3 [running], 
T 42: P3 [running], P1 [I/O complete], 
T 43: P3 [running], 
T 44: P3 [running], 
T 45: P3 [running], P3 [terminated], 
T 46: P1 [running], 
T 47: P1 [running], 
T 48: P1 [running], P1 [terminated], 

[pid: 2, wait_time: 9, turnaround_time: 28]
[pid: 3, wait_time: 17, turnaround_time: 40]
[pid: 1, wait_time: 28, turnaround_time: 40]

평균 대기 시간: 18.00
평균 반환 시간: 36.00
===============================================================
<Non-preemptive Shortest Job First Algorithm>
T 0: [CPU idle], 
T 1: [CPU idle], 
T 2: [CPU idle], 
T 3: [CPU idle], 
T 4: [CPU idle], 
T 5: [CPU idle], 
T 6: P2 [running], 
T 7: P2 [running], 
T 8: P2 [running], 
T 9: P2 [running], 
T 10: P2 [running], 
T 11: P2 [running], 
T 12: P2 [running], 
T 13: P2 [running], 
T 14: P2 [running], 
T 15: P2 [running], 
T 16: P2 [running], 
T 17: P2 [running], 
T 18: P2 [running], 
T 19: P2 [running], 
T 20: P2 [running], P2 [I/O request], 
T 21: P1 [running], 
T 22: P1 [running], P2 [I/O complete], 
T 23: P1 [running], 
T 24: P1 [running], 
T 25: P1 [running], P1 [I/O request], 
T 26: P2 [running], 
T 27: P2 [running], P2 [terminated], 
T 28: P3 [running], 
T 29: P3 [running], P1 [I/O complete], 
T 30: P3 [running], 
T 31: P3 [running], 
T 32: P3 [running], 
T 33: P3 [running], 
T 34: P3 [running], 
T 35: P3 [running], 
T 36: P3 [running], 
T 37: P3 [running], 
T 38: P3 [running], P3 [I/O request], 
T 39: P1 [running], 
T 40: P1 [running], 
T 41: P1 [running], P1 [terminated], 
T 42: [CPU idle], 
T 43: [CPU idle], P3 [I/O complete], 
T 44: P3 [running], 
T 45: P3 [running], 
T 46: P3 [running], 
T 47: P3 [running], 
T 48: P3 [running], 
T 49: P3 [running], 
T 50: P3 [running], P3 [terminated], 

[pid: 2, wait_time: 3, turnaround_time: 22]
[pid: 3, wait_time: 22, turnaround_time: 45]
[pid: 1, wait_time: 21, turnaround_time: 33]

평균 대기 시간: 15.33
평균 반환 시간: 33.33
===============================================================
<Preemptive Shortest Job First Algorithm>
T 0: [CPU idle], 
T 1: [CPU idle], 
T 2: [CPU idle], 
T 3: [CPU idle], 
T 4: [CPU idle], 
T 5: [CPU idle], 
T 6: P2 [running], 
T 7: P2 [running], 
T 8: P2 [running], 
T 9: P1 [running], 
T 10: P1 [running], 
T 11: P1 [running], 
T 12: P1 [running], 
T 13: P1 [running], P1 [I/O request], 
T 14: P2 [running], 
T 15: P2 [running], 
T 16: P2 [running], 
T 17: P2 [running], P1 [I/O complete], 
T 18: P1 [running], 
T 19: P1 [running], 
T 20: P1 [running], P1 [terminated], 
T 21: P2 [running], 
T 22: P2 [running], 
T 23: P2 [running], 
T 24: P2 [running], 
T 25: P2 [running], 
T 26: P2 [running], 
T 27: P2 [running], 
T 28: P2 [running], P2 [I/O request], 
T 29: P3 [running], 
T 30: P3 [running], P2 [I/O complete], 
T 31: P2 [running], 
T 32: P2 [running], P2 [terminated], 
T 33: P3 [running], 
T 34: P3 [running], 
T 35: P3 [running], 
T 36: P3 [running], 
T 37: P3 [running], 
T 38: P3 [running], 
T 39: P3 [running], 
T 40: P3 [running], 
T 41: P3 [running], P3 [I/O request], 
T 42: [CPU idle], 
T 43: [CPU idle], 
T 44: [CPU idle], 
T 45: [CPU idle], 
T 46: [CPU idle], P3 [I/O complete], 
T 47: P3 [running], 
T 48: P3 [running], 
T 49: P3 [running], 
T 50: P3 [running], 
T 51: P3 [running], 
T 52: P3 [running], 
T 53: P3 [running], P3 [terminated], 

[pid: 2, wait_time: 8, turnaround_time: 27]
[pid: 3, wait_time: 25, turnaround_time: 48]
[pid: 1, wait_time: 0, turnaround_time: 12]

평균 대기 시간: 11.00
평균 반환 시간: 29.00
===============================================================
<Non-preemptive Priority Algorithm>
T 0: [CPU idle], 
T 1: [CPU idle], 
T 2: [CPU idle], 
T 3: [CPU idle], 
T 4: [CPU idle], 
T 5: [CPU idle], 
T 6: P2 [running], 
T 7: P2 [running], 
T 8: P2 [running], 
T 9: P2 [running], 
T 10: P2 [running], 
T 11: P2 [running], 
T 12: P2 [running], 
T 13: P2 [running], 
T 14: P2 [running], 
T 15: P2 [running], 
T 16: P2 [running], 
T 17: P2 [running], 
T 18: P2 [running], 
T 19: P2 [running], 
T 20: P2 [running], P2 [I/O request], 
T 21: P3 [running], 
T 22: P3 [running], P2 [I/O complete], 
T 23: P3 [running], 
T 24: P3 [running], 
T 25: P3 [running], 
T 26: P3 [running], 
T 27: P3 [running], 
T 28: P3 [running], 
T 29: P3 [running], 
T 30: P3 [running], 
T 31: P3 [running], P3 [I/O request], 
T 32: P2 [running], 
T 33: P2 [running], P2 [terminated], 
T 34: P1 [running], 
T 35: P1 [running], 
T 36: P1 [running], P3 [I/O complete], 
T 37: P1 [running], 
T 38: P1 [running], P1 [I/O request], 
T 39: P3 [running], 
T 40: P3 [running], 
T 41: P3 [running], 
T 42: P3 [running], P1 [I/O complete], 
T 43: P3 [running], 
T 44: P3 [running], 
T 45: P3 [running], P3 [terminated], 
T 46: P1 [running], 
T 47: P1 [running], 
T 48: P1 [running], P1 [terminated], 

[pid: 2, wait_time: 9, turnaround_time: 28]
[pid: 3, wait_time: 17, turnaround_time: 40]
[pid: 1, wait_time: 28, turnaround_time: 40]

평균 대기 시간: 18.00
평균 반환 시간: 36.00
===============================================================
<Preemptive Priority Algorithm>
T 0: [CPU idle], 
T 1: [CPU idle], 
T 2: [CPU idle], 
T 3: [CPU idle], 
T 4: [CPU idle], 
T 5: [CPU idle], 
T 6: P2 [running], 
T 7: P2 [running], 
T 8: P2 [running], 
T 9: P2 [running], 
T 10: P2 [running], 
T 11: P2 [running], 
T 12: P2 [running], 
T 13: P2 [running], 
T 14: P2 [running], 
T 15: P2 [running], 
T 16: P2 [running], 
T 17: P2 [running], 
T 18: P2 [running], 
T 19: P2 [running], 
T 20: P2 [running], P2 [I/O request], 
T 21: P3 [running], 
T 22: P3 [running], P2 [I/O complete], 
T 23: P2 [running], 
T 24: P2 [running], P2 [terminated], 
T 25: P3 [running], 
T 26: P3 [running], 
T 27: P3 [running], 
T 28: P3 [running], 
T 29: P3 [running], 
T 30: P3 [running], 
T 31: P3 [running], 
T 32: P3 [running], 
T 33: P3 [running], P3 [I/O request], 
T 34: P1 [running], 
T 35: P1 [running], 
T 36: P1 [running], 
T 37: P1 [running], 
T 38: P1 [running], P3 [I/O complete], P1 [I/O request], 
T 39: P3 [running], 
T 40: P3 [running], 
T 41: P3 [running], 
T 42: P3 [running], P1 [I/O complete], 
T 43: P3 [running], 
T 44: P3 [running], 
T 45: P3 [running], P3 [terminated], 
T 46: P1 [running], 
T 47: P1 [running], 
T 48: P1 [running], P1 [terminated], 

[pid: 2, wait_time: 0, turnaround_time: 19]
[pid: 3, wait_time: 17, turnaround_time: 40]
[pid: 1, wait_time: 28, turnaround_time: 40]

평균 대기 시간: 15.00
평균 반환 시간: 33.00
===============================================================
<Round Robin Algorithm (time quantum: 5)>
T 0: [CPU idle], 
T 1: [CPU idle], 
T 2: [CPU idle], 
T 3: [CPU idle], 
T 4: [CPU idle], 
T 5: [CPU idle], 
T 6: P2 [running], 
T 7: P2 [running], 
T 8: P2 [running], 
T 9: P2 [running], 
T 10: P2 [running], 
T 11: P3 [running], 
T 12: P3 [running], 
T 13: P3 [running], 
T 14: P3 [running], 
T 15: P3 [running], 
T 16: P1 [running], 
T 17: P1 [running], 
T 18: P1 [running], 
T 19: P1 [running], 
T 20: P1 [running], P1 [I/O request], 
T 21: P2 [running], 
T 22: P2 [running], 
T 23: P2 [running], 
T 24: P2 [running], P1 [I/O complete], 
T 25: P2 [running], 
T 26: P3 [running], 
T 27: P3 [running], 
T 28: P3 [running], 
T 29: P3 [running], 
T 30: P3 [running], 
T 31: P1 [running], 
T 32: P1 [running], 
T 33: P1 [running], P1 [terminated], 
T 34: P2 [running], 
T 35: P2 [running], 
T 36: P2 [running], 
T 37: P2 [running], 
T 38: P2 [running], P2 [I/O request], 
T 39: P3 [running], P3 [I/O request], 
T 40: [CPU idle], P2 [I/O complete], 
T 41: P2 [running], 
T 42: P2 [running], P2 [terminated], 
T 43: [CPU idle], 
T 44: [CPU idle], P3 [I/O complete], 
T 45: P3 [running], 
T 46: P3 [running], 
T 47: P3 [running], 
T 48: P3 [running], 
T 49: P3 [running], 
T 50: P3 [running], 
T 51: P3 [running], P3 [terminated], 

[pid: 2, wait_time: 18, turnaround_time: 37]
[pid: 3, wait_time: 23, turnaround_time: 46]
[pid: 1, wait_time: 13, turnaround_time: 25]

평균 대기 시간: 18.00
평균 반환 시간: 36.00
===============================================================
<Non-preemptive Longest I/O Shortest Job First Algorithm>
T 0: [CPU idle], 
T 1: [CPU idle], 
T 2: [CPU idle], 
T 3: [CPU idle], 
T 4: [CPU idle], 
T 5: [CPU idle], 
T 6: P3 [running], 
T 7: P3 [running], 
T 8: P3 [running], 
T 9: P3 [running], 
T 10: P3 [running], 
T 11: P3 [running], 
T 12: P3 [running], 
T 13: P3 [running], 
T 14: P3 [running], 
T 15: P3 [running], 
T 16: P3 [running], P3 [I/O request], 
T 17: P1 [running], 
T 18: P1 [running], 
T 19: P1 [running], 
T 20: P1 [running], 
T 21: P1 [running], P3 [I/O complete], P1 [I/O request], 
T 22: P2 [running], 
T 23: P2 [running], 
T 24: P2 [running], 
T 25: P2 [running], P1 [I/O complete], 
T 26: P2 [running], 
T 27: P2 [running], 
T 28: P2 [running], 
T 29: P2 [running], 
T 30: P2 [running], 
T 31: P2 [running], 
T 32: P2 [running], 
T 33: P2 [running], 
T 34: P2 [running], 
T 35: P2 [running], 
T 36: P2 [running], P2 [I/O request], 
T 37: P1 [running], 
T 38: P1 [running], P2 [I/O complete], 
T 39: P1 [running], P1 [terminated], 
T 40: P2 [running], 
T 41: P2 [running], P2 [terminated], 
T 42: P3 [running], 
T 43: P3 [running], 
T 44: P3 [running], 
T 45: P3 [running], 
T 46: P3 [running], 
T 47: P3 [running], 
T 48: P3 [running], P3 [terminated], 

[pid: 2, wait_time: 17, turnaround_time: 36]
[pid: 3, wait_time: 20, turnaround_time: 43]
[pid: 1, wait_time: 19, turnaround_time: 31]

평균 대기 시간: 18.67
평균 반환 시간: 36.67
===============================================================
<Preemptive Longest I/O Shortest Job First Algorithm>
T 0: [CPU idle], 
T 1: [CPU idle], 
T 2: [CPU idle], 
T 3: [CPU idle], 
T 4: [CPU idle], 
T 5: [CPU idle], 
T 6: P3 [running], 
T 7: P3 [running], 
T 8: P3 [running], 
T 9: P3 [running], 
T 10: P3 [running], 
T 11: P3 [running], 
T 12: P3 [running], 
T 13: P3 [running], 
T 14: P3 [running], 
T 15: P3 [running], 
T 16: P3 [running], P3 [I/O request], 
T 17: P1 [running], 
T 18: P1 [running], 
T 19: P1 [running], 
T 20: P1 [running], 
T 21: P1 [running], P3 [I/O complete], P1 [I/O request], 
T 22: P2 [running], 
T 23: P2 [running], 
T 24: P2 [running], 
T 25: P2 [running], P1 [I/O complete], 
T 26: P2 [running], 
T 27: P2 [running], 
T 28: P2 [running], 
T 29: P2 [running], 
T 30: P2 [running], 
T 31: P2 [running], 
T 32: P2 [running], 
T 33: P2 [running], 
T 34: P2 [running], 
T 35: P2 [running], 
T 36: P2 [running], P2 [I/O request], 
T 37: P1 [running], 
T 38: P1 [running], P2 [I/O complete], 
T 39: P1 [running], P1 [terminated], 
T 40: P2 [running], 
T 41: P2 [running], P2 [terminated], 
T 42: P3 [running], 
T 43: P3 [running], 
T 44: P3 [running], 
T 45: P3 [running], 
T 46: P3 [running], 
T 47: P3 [running], 
T 48: P3 [running], P3 [terminated], 

[pid: 2, wait_time: 17, turnaround_time: 36]
[pid: 3, wait_time: 20, turnaround_time: 43]
[pid: 1, wait_time: 19, turnaround_time: 31]

평균 대기 시간: 18.67
평균 반환 시간: 36.67
===============================================================
<평균 대기 시간 순위>
1등. Preemptive Shortest Job First Algorithm: 11.00
2등. Preemptive Priority Algorithm: 15.00
3등. Non-preemptive Shortest Job First Algorithm: 15.33
4등. Non-preemptive Priority Algorithm: 18.00
5등. First Come First Served Algorithm: 18.00
6등. Round Robin Algorithm: 18.00
7등. Non-preemptive Longest I/O Shortest Job First Algorithm: 18.67
8등. Preemptive Longest I/O Shortest Job First Algorithm: 18.67

<평균 반환 시간 순위>
1등. Preemptive Shortest Job First Algorithm: 29.00
2등. Preemptive Priority Algorithm: 33.00
3등. Non-preemptive Shortest Job First Algorithm: 33.33
4등. Non-preemptive Priority Algorithm: 36.00
5등. First Come First Served Algorithm: 36.00
6등. Round Robin Algorithm: 36.00
7등. Non-preemptive Longest I/O Shortest Job First Algorithm: 36.67
8등. Preemptive Longest I/O Shortest Job First Algorithm: 36.67
