Process List:
Pid1: arrive=1, cpu_burst=18, io_burst=1, priority=3, io_start=13
Pid4: arrive=2, cpu_burst=16, io_burst=1, priority=1, io_start=14
Pid5: arrive=3, cpu_burst=13, io_burst=0, priority=3, io_start=-1
Pid3: arrive=8, cpu_burst=10, io_burst=5, priority=5, io_start=2
Pid2: arrive=10, cpu_burst=8, io_burst=0, priority=5, io_start=-1

<First Come First Served Algorithm>
T 0: [CPU idle], 
T 1: P1 [running], 
T 2: P1 [running], 
T 3: P1 [running], 
T 4: P1 [running], 
T 5: P1 [running], 
T 6: P1 [running], 
T 7: P1 [running], 
T 8: P1 [running], 
T 9: P1 [running], 
T 10: P1 [running], 
T 11: P1 [running], 
T 12: P1 [running], 
T 13: P1 [running], P1 [I/O request], 
T 14: P4 [running], P1 [I/O complete], 
T 15: P4 [running], 
T 16: P4 [running], 
T 17: P4 [running], 
T 18: P4 [running], 
T 19: P4 [running], 
T 20: P4 [running], 
T 21: P4 [running], 
T 22: P4 [running], 
T 23: P4 [running], 
T 24: P4 [running], 
T 25: P4 [running], 
T 26: P4 [running], 
T 27: P4 [running], P4 [I/O request], 
T 28: P1 [running], P4 [I/O complete], 
T 29: P1 [running], 
T 30: P1 [running], 
T 31: P1 [running], 
T 32: P1 [running], P1 [terminated], 
T 33: P4 [running], 
T 34: P4 [running], P4 [terminated], 
T 35: P5 [running], 
T 36: P5 [running], 
T 37: P5 [running], 
T 38: P5 [running], 
T 39: P5 [running], 
T 40: P5 [running], 
T 41: P5 [running], 
T 42: P5 [running], 
T 43: P5 [running], 
T 44: P5 [running], 
T 45: P5 [running], 
T 46: P5 [running], 
T 47: P5 [running], P5 [terminated], 
T 48: P3 [running], 
T 49: P3 [running], P3 [I/O request], 
T 50: P2 [running], 
T 51: P2 [running], 
T 52: P2 [running], 
T 53: P2 [running], 
T 54: P2 [running], P3 [I/O complete], 
T 55: P2 [running], 
T 56: P2 [running], 
T 57: P2 [running], P2 [terminated], 
T 58: P3 [running], 
T 59: P3 [running], 
T 60: P3 [running], 
T 61: P3 [running], 
T 62: P3 [running], 
T 63: P3 [running], 
T 64: P3 [running], 
T 65: P3 [running], P3 [terminated], 

[pid: 1, wait_time: 13, turnaround_time: 32]
[pid: 4, wait_time: 16, turnaround_time: 33]
[pid: 5, wait_time: 32, turnaround_time: 45]
[pid: 3, wait_time: 43, turnaround_time: 58]
[pid: 2, wait_time: 40, turnaround_time: 48]

평균 대기 시간: 28.80
평균 반환 시간: 43.20
===============================================================
<Non-preemptive Shortest Job First Algorithm>
T 0: [CPU idle], 
T 1: P1 [running], 
T 2: P1 [running], 
T 3: P1 [running], 
T 4: P1 [running], 
T 5: P1 [running], 
T 6: P1 [running], 
T 7: P1 [running], 
T 8: P1 [running], 
T 9: P1 [running], 
T 10: P1 [running], 
T 11: P1 [running], 
T 12: P1 [running], 
T 13: P1 [running], P1 [I/O request], 
T 14: P2 [running], P1 [I/O complete], 
T 15: P2 [running], 
T 16: P2 [running], 
T 17: P2 [running], 
T 18: P2 [running], 
T 19: P2 [running], 
T 20: P2 [running], 
T 21: P2 [running], P2 [terminated], 
T 22: P1 [running], 
T 23: P1 [running], 
T 24: P1 [running], 
T 25: P1 [running], 
T 26: P1 [running], P1 [terminated], 
T 27: P3 [running], 
T 28: P3 [running], P3 [I/O request], 
T 29: P5 [running], 
T 30: P5 [running], 
T 31: P5 [running], 
T 32: P5 [running], 
T 33: P5 [running], P3 [I/O complete], 
T 34: P5 [running], 
T 35: P5 [running], 
T 36: P5 [running], 
T 37: P5 [running], 
T 38: P5 [running], 
T 39: P5 [running], 
T 40: P5 [running], 
T 41: P5 [running], P5 [terminated], 
T 42: P3 [running], 
T 43: P3 [running], 
T 44: P3 [running], 
T 45: P3 [running], 
T 46: P3 [running], 
T 47: P3 [running], 
T 48: P3 [running], 
T 49: P3 [running], P3 [terminated], 
T 50: P4 [running], 
T 51: P4 [running], 
T 52: P4 [running], 
T 53: P4 [running], 
T 54: P4 [running], 
T 55: P4 [running], 
T 56: P4 [running], 
T 57: P4 [running], 
T 58: P4 [running], 
T 59: P4 [running], 
T 60: P4 [running], 
T 61: P4 [running], 
T 62: P4 [running], 
T 63: P4 [running], P4 [I/O request], 
T 64: [CPU idle], P4 [I/O complete], 
T 65: P4 [running], 
T 66: P4 [running], P4 [terminated], 

[pid: 1, wait_time: 7, turnaround_time: 26]
[pid: 4, wait_time: 48, turnaround_time: 65]
[pid: 5, wait_time: 26, turnaround_time: 39]
[pid: 3, wait_time: 27, turnaround_time: 42]
[pid: 2, wait_time: 4, turnaround_time: 12]

평균 대기 시간: 22.40
평균 반환 시간: 36.80
===============================================================
<Preemptive Shortest Job First Algorithm>
T 0: [CPU idle], 
T 1: P1 [running], 
T 2: P4 [running], 
T 3: P5 [running], 
T 4: P5 [running], 
T 5: P5 [running], 
T 6: P5 [running], 
T 7: P5 [running], 
T 8: P5 [running], 
T 9: P5 [running], 
T 10: P5 [running], 
T 11: P5 [running], 
T 12: P5 [running], 
T 13: P5 [running], 
T 14: P5 [running], 
T 15: P5 [running], P5 [terminated], 
T 16: P2 [running], 
T 17: P2 [running], 
T 18: P2 [running], 
T 19: P2 [running], 
T 20: P2 [running], 
T 21: P2 [running], 
T 22: P2 [running], 
T 23: P2 [running], P2 [terminated], 
T 24: P3 [running], 
T 25: P3 [running], P3 [I/O request], 
T 26: P4 [running], 
T 27: P4 [running], 
T 28: P4 [running], 
T 29: P4 [running], 
T 30: P4 [running], P3 [I/O complete], 
T 31: P3 [running], 
T 32: P3 [running], 
T 33: P3 [running], 
T 34: P3 [running], 
T 35: P3 [running], 
T 36: P3 [running], 
T 37: P3 [running], 
T 38: P3 [running], P3 [terminated], 
T 39: P4 [running], 
T 40: P4 [running], 
T 41: P4 [running], 
T 42: P4 [running], 
T 43: P4 [running], 
T 44: P4 [running], 
T 45: P4 [running], 
T 46: P4 [running], P4 [I/O request], 
T 47: P1 [running], P4 [I/O complete], 
T 48: P4 [running], 
T 49: P4 [running], P4 [terminated], 
T 50: P1 [running], 
T 51: P1 [running], 
T 52: P1 [running], 
T 53: P1 [running], 
T 54: P1 [running], 
T 55: P1 [running], 
T 56: P1 [running], 
T 57: P1 [running], 
T 58: P1 [running], 
T 59: P1 [running], 
T 60: P1 [running], P1 [I/O request], 
T 61: [CPU idle], P1 [I/O complete], 
T 62: P1 [running], 
T 63: P1 [running], 
T 64: P1 [running], 
T 65: P1 [running], 
T 66: P1 [running], P1 [terminated], 

[pid: 1, wait_time: 47, turnaround_time: 66]
[pid: 4, wait_time: 31, turnaround_time: 48]
[pid: 5, wait_time: 0, turnaround_time: 13]
[pid: 3, wait_time: 16, turnaround_time: 31]
[pid: 2, wait_time: 6, turnaround_time: 14]

평균 대기 시간: 20.00
평균 반환 시간: 34.40
===============================================================
<Non-preemptive Priority Algorithm>
T 0: [CPU idle], 
T 1: P1 [running], 
T 2: P1 [running], 
T 3: P1 [running], 
T 4: P1 [running], 
T 5: P1 [running], 
T 6: P1 [running], 
T 7: P1 [running], 
T 8: P1 [running], 
T 9: P1 [running], 
T 10: P1 [running], 
T 11: P1 [running], 
T 12: P1 [running], 
T 13: P1 [running], P1 [I/O request], 
T 14: P4 [running], P1 [I/O complete], 
T 15: P4 [running], 
T 16: P4 [running], 
T 17: P4 [running], 
T 18: P4 [running], 
T 19: P4 [running], 
T 20: P4 [running], 
T 21: P4 [running], 
T 22: P4 [running], 
T 23: P4 [running], 
T 24: P4 [running], 
T 25: P4 [running], 
T 26: P4 [running], 
T 27: P4 [running], P4 [I/O request], 
T 28: P1 [running], P4 [I/O complete], 
T 29: P1 [running], 
T 30: P1 [running], 
T 31: P1 [running], 
T 32: P1 [running], P1 [terminated], 
T 33: P4 [running], 
T 34: P4 [running], P4 [terminated], 
T 35: P5 [running], 
T 36: P5 [running], 
T 37: P5 [running], 
T 38: P5 [running], 
T 39: P5 [running], 
T 40: P5 [running], 
T 41: P5 [running], 
T 42: P5 [running], 
T 43: P5 [running], 
T 44: P5 [running], 
T 45: P5 [running], 
T 46: P5 [running], 
T 47: P5 [running], P5 [terminated], 
T 48: P3 [running], 
T 49: P3 [running], P3 [I/O request], 
T 50: P2 [running], 
T 51: P2 [running], 
T 52: P2 [running], 
T 53: P2 [running], 
T 54: P2 [running], P3 [I/O complete], 
T 55: P2 [running], 
T 56: P2 [running], 
T 57: P2 [running], P2 [terminated], 
T 58: P3 [running], 
T 59: P3 [running], 
T 60: P3 [running], 
T 61: P3 [running], 
T 62: P3 [running], 
T 63: P3 [running], 
T 64: P3 [running], 
T 65: P3 [running], P3 [terminated], 

[pid: 1, wait_time: 13, turnaround_time: 32]
[pid: 4, wait_time: 16, turnaround_time: 33]
[pid: 5, wait_time: 32, turnaround_time: 45]
[pid: 3, wait_time: 43, turnaround_time: 58]
[pid: 2, wait_time: 40, turnaround_time: 48]

평균 대기 시간: 28.80
평균 반환 시간: 43.20
===============================================================
<Preemptive Priority Algorithm>
T 0: [CPU idle], 
T 1: P1 [running], 
T 2: P4 [running], 
T 3: P4 [running], 
T 4: P4 [running], 
T 5: P4 [running], 
T 6: P4 [running], 
T 7: P4 [running], 
T 8: P4 [running], 
T 9: P4 [running], 
T 10: P4 [running], 
T 11: P4 [running], 
T 12: P4 [running], 
T 13: P4 [running], 
T 14: P4 [running], 
T 15: P4 [running], P4 [I/O request], 
T 16: P1 [running], P4 [I/O complete], 
T 17: P4 [running], 
T 18: P4 [running], P4 [terminated], 
T 19: P1 [running], 
T 20: P1 [running], 
T 21: P1 [running], 
T 22: P1 [running], 
T 23: P1 [running], 
T 24: P1 [running], 
T 25: P1 [running], 
T 26: P1 [running], 
T 27: P1 [running], 
T 28: P1 [running], 
T 29: P1 [running], P1 [I/O request], 
T 30: P5 [running], P1 [I/O complete], 
T 31: P5 [running], 
T 32: P5 [running], 
T 33: P5 [running], 
T 34: P5 [running], 
T 35: P5 [running], 
T 36: P5 [running], 
T 37: P5 [running], 
T 38: P5 [running], 
T 39: P5 [running], 
T 40: P5 [running], 
T 41: P5 [running], 
T 42: P5 [running], P5 [terminated], 
T 43: P1 [running], 
T 44: P1 [running], 
T 45: P1 [running], 
T 46: P1 [running], 
T 47: P1 [running], P1 [terminated], 
T 48: P3 [running], 
T 49: P3 [running], P3 [I/O request], 
T 50: P2 [running], 
T 51: P2 [running], 
T 52: P2 [running], 
T 53: P2 [running], 
T 54: P2 [running], P3 [I/O complete], 
T 55: P2 [running], 
T 56: P2 [running], 
T 57: P2 [running], P2 [terminated], 
T 58: P3 [running], 
T 59: P3 [running], 
T 60: P3 [running], 
T 61: P3 [running], 
T 62: P3 [running], 
T 63: P3 [running], 
T 64: P3 [running], 
T 65: P3 [running], P3 [terminated], 

[pid: 1, wait_time: 28, turnaround_time: 47]
[pid: 4, wait_time: 0, turnaround_time: 17]
[pid: 5, wait_time: 27, turnaround_time: 40]
[pid: 3, wait_time: 43, turnaround_time: 58]
[pid: 2, wait_time: 40, turnaround_time: 48]

평균 대기 시간: 27.60
평균 반환 시간: 42.00
===============================================================
<Round Robin Algorithm (time quantum: 5)>
T 0: [CPU idle], 
T 1: P1 [running], 
T 2: P1 [running], 
T 3: P1 [running], 
T 4: P1 [running], 
T 5: P1 [running], 
T 6: P4 [running], 
T 7: P4 [running], 
T 8: P4 [running], 
T 9: P4 [running], 
T 10: P4 [running], 
T 11: P5 [running], 
T 12: P5 [running], 
T 13: P5 [running], 
T 14: P5 [running], 
T 15: P5 [running], 
T 16: P1 [running], 
T 17: P1 [running], 
T 18: P1 [running], 
T 19: P1 [running], 
T 20: P1 [running], 
T 21: P3 [running], 
T 22: P3 [running], P3 [I/O request], 
T 23: P2 [running], 
T 24: P2 [running], 
T 25: P2 [running], 
T 26: P2 [running], 
T 27: P2 [running], P3 [I/O complete], 
T 28: P4 [running], 
T 29: P4 [running], 
T 30: P4 [running], 
T 31: P4 [running], 
T 32: P4 [running], 
T 33: P5 [running], 
T 34: P5 [running], 
T 35: P5 [running], 
T 36: P5 [running], 
T 37: P5 [running], 
T 38: P1 [running], 
T 39: P1 [running], 
T 40: P1 [running], P1 [I/O request], 
T 41: P3 [running], P1 [I/O complete], 
T 42: P3 [running], 
T 43: P3 [running], 
T 44: P3 [running], 
T 45: P3 [running], 
T 46: P2 [running], 
T 47: P2 [running], 
T 48: P2 [running], P2 [terminated], 
T 49: P4 [running], 
T 50: P4 [running], 
T 51: P4 [running], 
T 52: P4 [running], P4 [I/O request], 
T 53: P5 [running], P4 [I/O complete], 
T 54: P5 [running], 
T 55: P5 [running], P5 [terminated], 
T 56: P1 [running], 
T 57: P1 [running], 
T 58: P1 [running], 
T 59: P1 [running], 
T 60: P1 [running], P1 [terminated], 
T 61: P3 [running], 
T 62: P3 [running], 
T 63: P3 [running], P3 [terminated], 
T 64: P4 [running], 
T 65: P4 [running], P4 [terminated], 

[pid: 1, wait_time: 41, turnaround_time: 60]
[pid: 4, wait_time: 47, turnaround_time: 64]
[pid: 5, wait_time: 40, turnaround_time: 53]
[pid: 3, wait_time: 41, turnaround_time: 56]
[pid: 2, wait_time: 31, turnaround_time: 39]

평균 대기 시간: 40.00
평균 반환 시간: 54.40
===============================================================
<Non-preemptive Longest I/O Shortest Job First Algorithm>
T 0: [CPU idle], 
T 1: P1 [running], 
T 2: P1 [running], 
T 3: P1 [running], 
T 4: P1 [running], 
T 5: P1 [running], 
T 6: P1 [running], 
T 7: P1 [running], 
T 8: P1 [running], 
T 9: P1 [running], 
T 10: P1 [running], 
T 11: P1 [running], 
T 12: P1 [running], 
T 13: P1 [running], P1 [I/O request], 
T 14: P3 [running], P1 [I/O complete], 
T 15: P3 [running], P3 [I/O request], 
T 16: P4 [running], 
T 17: P4 [running], 
T 18: P4 [running], 
T 19: P4 [running], 
T 20: P4 [running], P3 [I/O complete], 
T 21: P4 [running], 
T 22: P4 [running], 
T 23: P4 [running], 
T 24: P4 [running], 
T 25: P4 [running], 
T 26: P4 [running], 
T 27: P4 [running], 
T 28: P4 [running], 
T 29: P4 [running], P4 [I/O request], 
T 30: P1 [running], P4 [I/O complete], 
T 31: P1 [running], 
T 32: P1 [running], 
T 33: P1 [running], 
T 34: P1 [running], P1 [terminated], 
T 35: P4 [running], 
T 36: P4 [running], P4 [terminated], 
T 37: P3 [running], 
T 38: P3 [running], 
T 39: P3 [running], 
T 40: P3 [running], 
T 41: P3 [running], 
T 42: P3 [running], 
T 43: P3 [running], 
T 44: P3 [running], P3 [terminated], 
T 45: P2 [running], 
T 46: P2 [running], 
T 47: P2 [running], 
T 48: P2 [running], 
T 49: P2 [running], 
T 50: P2 [running], 
T 51: P2 [running], 
T 52: P2 [running], P2 [terminated], 
T 53: P5 [running], 
T 54: P5 [running], 
T 55: P5 [running], 
T 56: P5 [running], 
T 57: P5 [running], 
T 58: P5 [running], 
T 59: P5 [running], 
T 60: P5 [running], 
T 61: P5 [running], 
T 62: P5 [running], 
T 63: P5 [running], 
T 64: P5 [running], 
T 65: P5 [running], P5 [terminated], 

[pid: 1, wait_time: 15, turnaround_time: 34]
[pid: 4, wait_time: 18, turnaround_time: 35]
[pid: 5, wait_time: 50, turnaround_time: 63]
[pid: 3, wait_time: 22, turnaround_time: 37]
[pid: 2, wait_time: 35, turnaround_time: 43]

평균 대기 시간: 28.00
평균 반환 시간: 42.40
===============================================================
<Preemptive Longest I/O Shortest Job First Algorithm>
T 0: [CPU idle], 
T 1: P1 [running], 
T 2: P4 [running], 
T 3: P4 [running], 
T 4: P4 [running], 
T 5: P4 [running], 
T 6: P4 [running], 
T 7: P4 [running], 
T 8: P3 [running], 
T 9: P3 [running], P3 [I/O request], 
T 10: P4 [running], 
T 11: P4 [running], 
T 12: P4 [running], 
T 13: P4 [running], 
T 14: P4 [running], P3 [I/O complete], 
T 15: P4 [running], 
T 16: P4 [running], 
T 17: P4 [running], P4 [I/O request], 
T 18: P1 [running], P4 [I/O complete], 
T 19: P1 [running], 
T 20: P1 [running], 
T 21: P1 [running], 
T 22: P1 [running], 
T 23: P1 [running], 
T 24: P1 [running], 
T 25: P1 [running], 
T 26: P1 [running], 
T 27: P1 [running], 
T 28: P1 [running], 
T 29: P1 [running], P1 [I/O request], 
T 30: P4 [running], P1 [I/O complete], 
T 31: P4 [running], P4 [terminated], 
T 32: P1 [running], 
T 33: P1 [running], 
T 34: P1 [running], 
T 35: P1 [running], 
T 36: P1 [running], P1 [terminated], 
T 37: P3 [running], 
T 38: P3 [running], 
T 39: P3 [running], 
T 40: P3 [running], 
T 41: P3 [running], 
T 42: P3 [running], 
T 43: P3 [running], 
T 44: P3 [running], P3 [terminated], 
T 45: P2 [running], 
T 46: P2 [running], 
T 47: P2 [running], 
T 48: P2 [running], 
T 49: P2 [running], 
T 50: P2 [running], 
T 51: P2 [running], 
T 52: P2 [running], P2 [terminated], 
T 53: P5 [running], 
T 54: P5 [running], 
T 55: P5 [running], 
T 56: P5 [running], 
T 57: P5 [running], 
T 58: P5 [running], 
T 59: P5 [running], 
T 60: P5 [running], 
T 61: P5 [running], 
T 62: P5 [running], 
T 63: P5 [running], 
T 64: P5 [running], 
T 65: P5 [running], P5 [terminated], 

[pid: 1, wait_time: 17, turnaround_time: 36]
[pid: 4, wait_time: 13, turnaround_time: 30]
[pid: 5, wait_time: 50, turnaround_time: 63]
[pid: 3, wait_time: 22, turnaround_time: 37]
[pid: 2, wait_time: 35, turnaround_time: 43]

평균 대기 시간: 27.40
평균 반환 시간: 41.80
===============================================================
<평균 대기 시간 순위>
1등. Preemptive Shortest Job First Algorithm: 20.00
2등. Non-preemptive Shortest Job First Algorithm: 22.40
3등. Preemptive Longest I/O Shortest Job First Algorithm: 27.40
4등. Preemptive Priority Algorithm: 27.60
5등. Non-preemptive Longest I/O Shortest Job First Algorithm: 28.00
6등. Non-preemptive Priority Algorithm: 28.80
7등. First Come First Served Algorithm: 28.80
8등. Round Robin Algorithm: 40.00

<평균 반환 시간 순위>
1등. Preemptive Shortest Job First Algorithm: 34.40
2등. Non-preemptive Shortest Job First Algorithm: 36.80
3등. Preemptive Longest I/O Shortest Job First Algorithm: 41.80
4등. Preemptive Priority Algorithm: 42.00
5등. Non-preemptive Longest I/O Shortest Job First Algorithm: 42.40
6등. Non-preemptive Priority Algorithm: 43.20
7등. First Come First Served Algorithm: 43.20
8등. Round Robin Algorithm: 54.40
