Process List:
Pid3: arrive=1, cpu_burst=17, io_burst=2, priority=3, io_start=5
Pid5: arrive=3, cpu_burst=5, io_burst=5, priority=5, io_start=4
Pid1: arrive=4, cpu_burst=14, io_burst=5, priority=5, io_start=7
Pid4: arrive=6, cpu_burst=18, io_burst=4, priority=2, io_start=5
Pid2: arrive=7, cpu_burst=7, io_burst=5, priority=5, io_start=6

<First Come First Served Algorithm>
T 0: [CPU idle], 
T 1: P3 [running], 
T 2: P3 [running], 
T 3: P3 [running], 
T 4: P3 [running], 
T 5: P3 [running], P3 [I/O request], 
T 6: P5 [running], 
T 7: P5 [running], P3 [I/O complete], 
T 8: P5 [running], 
T 9: P5 [running], P5 [I/O request], 
T 10: P3 [running], 
T 11: P3 [running], 
T 12: P3 [running], 
T 13: P3 [running], 
T 14: P3 [running], P5 [I/O complete], 
T 15: P3 [running], 
T 16: P3 [running], 
T 17: P3 [running], 
T 18: P3 [running], 
T 19: P3 [running], 
T 20: P3 [running], 
T 21: P3 [running], P3 [terminated], 
T 22: P5 [running], P5 [terminated], 
T 23: P1 [running], 
T 24: P1 [running], 
T 25: P1 [running], 
T 26: P1 [running], 
T 27: P1 [running], 
T 28: P1 [running], 
T 29: P1 [running], P1 [I/O request], 
T 30: P4 [running], 
T 31: P4 [running], 
T 32: P4 [running], 
T 33: P4 [running], 
T 34: P4 [running], P1 [I/O complete], P4 [I/O request], 
T 35: P1 [running], 
T 36: P1 [running], 
T 37: P1 [running], 
T 38: P1 [running], P4 [I/O complete], 
T 39: P1 [running], 
T 40: P1 [running], 
T 41: P1 [running], P1 [terminated], 
T 42: P4 [running], 
T 43: P4 [running], 
T 44: P4 [running], 
T 45: P4 [running], 
T 46: P4 [running], 
T 47: P4 [running], 
T 48: P4 [running], 
T 49: P4 [running], 
T 50: P4 [running], 
T 51: P4 [running], 
T 52: P4 [running], 
T 53: P4 [running], 
T 54: P4 [running], P4 [terminated], 
T 55: P2 [running], 
T 56: P2 [running], 
T 57: P2 [running], 
T 58: P2 [running], 
T 59: P2 [running], 
T 60: P2 [running], P2 [I/O request], 
T 61: [CPU idle], 
T 62: [CPU idle], 
T 63: [CPU idle], 
T 64: [CPU idle], 
T 65: [CPU idle], P2 [I/O complete], 
T 66: P2 [running], P2 [terminated], 

[pid: 3, wait_time: 2, turnaround_time: 21]
[pid: 5, wait_time: 10, turnaround_time: 20]
[pid: 1, wait_time: 19, turnaround_time: 38]
[pid: 4, wait_time: 27, turnaround_time: 49]
[pid: 2, wait_time: 48, turnaround_time: 60]

평균 대기 시간: 21.20
평균 반환 시간: 37.60
===============================================================
<Non-preemptive Shortest Job First Algorithm>
T 0: [CPU idle], 
T 1: P3 [running], 
T 2: P3 [running], 
T 3: P3 [running], 
T 4: P3 [running], 
T 5: P3 [running], P3 [I/O request], 
T 6: P5 [running], 
T 7: P5 [running], P3 [I/O complete], 
T 8: P5 [running], 
T 9: P5 [running], P5 [I/O request], 
T 10: P2 [running], 
T 11: P2 [running], 
T 12: P2 [running], 
T 13: P2 [running], 
T 14: P2 [running], P5 [I/O complete], 
T 15: P2 [running], P2 [I/O request], 
T 16: P5 [running], P5 [terminated], 
T 17: P3 [running], 
T 18: P3 [running], 
T 19: P3 [running], 
T 20: P3 [running], P2 [I/O complete], 
T 21: P3 [running], 
T 22: P3 [running], 
T 23: P3 [running], 
T 24: P3 [running], 
T 25: P3 [running], 
T 26: P3 [running], 
T 27: P3 [running], 
T 28: P3 [running], P3 [terminated], 
T 29: P2 [running], P2 [terminated], 
T 30: P1 [running], 
T 31: P1 [running], 
T 32: P1 [running], 
T 33: P1 [running], 
T 34: P1 [running], 
T 35: P1 [running], 
T 36: P1 [running], P1 [I/O request], 
T 37: P4 [running], 
T 38: P4 [running], 
T 39: P4 [running], 
T 40: P4 [running], 
T 41: P4 [running], P1 [I/O complete], P4 [I/O request], 
T 42: P1 [running], 
T 43: P1 [running], 
T 44: P1 [running], 
T 45: P1 [running], P4 [I/O complete], 
T 46: P1 [running], 
T 47: P1 [running], 
T 48: P1 [running], P1 [terminated], 
T 49: P4 [running], 
T 50: P4 [running], 
T 51: P4 [running], 
T 52: P4 [running], 
T 53: P4 [running], 
T 54: P4 [running], 
T 55: P4 [running], 
T 56: P4 [running], 
T 57: P4 [running], 
T 58: P4 [running], 
T 59: P4 [running], 
T 60: P4 [running], 
T 61: P4 [running], P4 [terminated], 

[pid: 3, wait_time: 9, turnaround_time: 28]
[pid: 5, wait_time: 4, turnaround_time: 14]
[pid: 1, wait_time: 26, turnaround_time: 45]
[pid: 4, wait_time: 34, turnaround_time: 56]
[pid: 2, wait_time: 11, turnaround_time: 23]

평균 대기 시간: 16.80
평균 반환 시간: 33.20
===============================================================
<Preemptive Shortest Job First Algorithm>
T 0: [CPU idle], 
T 1: P3 [running], 
T 2: P3 [running], 
T 3: P5 [running], 
T 4: P5 [running], 
T 5: P5 [running], 
T 6: P5 [running], P5 [I/O request], 
T 7: P2 [running], 
T 8: P2 [running], 
T 9: P2 [running], 
T 10: P2 [running], 
T 11: P2 [running], P5 [I/O complete], 
T 12: P5 [running], P5 [terminated], 
T 13: P2 [running], P2 [I/O request], 
T 14: P1 [running], 
T 15: P1 [running], 
T 16: P1 [running], 
T 17: P1 [running], 
T 18: P1 [running], P2 [I/O complete], 
T 19: P2 [running], P2 [terminated], 
T 20: P1 [running], 
T 21: P1 [running], P1 [I/O request], 
T 22: P3 [running], 
T 23: P3 [running], 
T 24: P3 [running], P3 [I/O request], 
T 25: P4 [running], 
T 26: P4 [running], P1 [I/O complete], P3 [I/O complete], 
T 27: P1 [running], 
T 28: P1 [running], 
T 29: P1 [running], 
T 30: P1 [running], 
T 31: P1 [running], 
T 32: P1 [running], 
T 33: P1 [running], P1 [terminated], 
T 34: P3 [running], 
T 35: P3 [running], 
T 36: P3 [running], 
T 37: P3 [running], 
T 38: P3 [running], 
T 39: P3 [running], 
T 40: P3 [running], 
T 41: P3 [running], 
T 42: P3 [running], 
T 43: P3 [running], 
T 44: P3 [running], 
T 45: P3 [running], P3 [terminated], 
T 46: P4 [running], 
T 47: P4 [running], 
T 48: P4 [running], P4 [I/O request], 
T 49: [CPU idle], 
T 50: [CPU idle], 
T 51: [CPU idle], 
T 52: [CPU idle], P4 [I/O complete], 
T 53: P4 [running], 
T 54: P4 [running], 
T 55: P4 [running], 
T 56: P4 [running], 
T 57: P4 [running], 
T 58: P4 [running], 
T 59: P4 [running], 
T 60: P4 [running], 
T 61: P4 [running], 
T 62: P4 [running], 
T 63: P4 [running], 
T 64: P4 [running], 
T 65: P4 [running], P4 [terminated], 

[pid: 3, wait_time: 26, turnaround_time: 45]
[pid: 5, wait_time: 0, turnaround_time: 10]
[pid: 1, wait_time: 11, turnaround_time: 30]
[pid: 4, wait_time: 38, turnaround_time: 60]
[pid: 2, wait_time: 1, turnaround_time: 13]

평균 대기 시간: 15.20
평균 반환 시간: 31.60
===============================================================
<Non-preemptive Priority Algorithm>
T 0: [CPU idle], 
T 1: P3 [running], 
T 2: P3 [running], 
T 3: P3 [running], 
T 4: P3 [running], 
T 5: P3 [running], P3 [I/O request], 
T 6: P4 [running], 
T 7: P4 [running], P3 [I/O complete], 
T 8: P4 [running], 
T 9: P4 [running], 
T 10: P4 [running], P4 [I/O request], 
T 11: P3 [running], 
T 12: P3 [running], 
T 13: P3 [running], 
T 14: P3 [running], P4 [I/O complete], 
T 15: P3 [running], 
T 16: P3 [running], 
T 17: P3 [running], 
T 18: P3 [running], 
T 19: P3 [running], 
T 20: P3 [running], 
T 21: P3 [running], 
T 22: P3 [running], P3 [terminated], 
T 23: P4 [running], 
T 24: P4 [running], 
T 25: P4 [running], 
T 26: P4 [running], 
T 27: P4 [running], 
T 28: P4 [running], 
T 29: P4 [running], 
T 30: P4 [running], 
T 31: P4 [running], 
T 32: P4 [running], 
T 33: P4 [running], 
T 34: P4 [running], 
T 35: P4 [running], P4 [terminated], 
T 36: P5 [running], 
T 37: P5 [running], 
T 38: P5 [running], 
T 39: P5 [running], P5 [I/O request], 
T 40: P1 [running], 
T 41: P1 [running], 
T 42: P1 [running], 
T 43: P1 [running], 
T 44: P1 [running], P5 [I/O complete], 
T 45: P1 [running], 
T 46: P1 [running], P1 [I/O request], 
T 47: P5 [running], P5 [terminated], 
T 48: P2 [running], 
T 49: P2 [running], 
T 50: P2 [running], 
T 51: P2 [running], P1 [I/O complete], 
T 52: P2 [running], 
T 53: P2 [running], P2 [I/O request], 
T 54: P1 [running], 
T 55: P1 [running], 
T 56: P1 [running], 
T 57: P1 [running], 
T 58: P1 [running], P2 [I/O complete], 
T 59: P1 [running], 
T 60: P1 [running], P1 [terminated], 
T 61: P2 [running], P2 [terminated], 

[pid: 3, wait_time: 3, turnaround_time: 22]
[pid: 5, wait_time: 35, turnaround_time: 45]
[pid: 1, wait_time: 38, turnaround_time: 57]
[pid: 4, wait_time: 8, turnaround_time: 30]
[pid: 2, wait_time: 43, turnaround_time: 55]

평균 대기 시간: 25.40
평균 반환 시간: 41.80
===============================================================
<Preemptive Priority Algorithm>
T 0: [CPU idle], 
T 1: P3 [running], 
T 2: P3 [running], 
T 3: P3 [running], 
T 4: P3 [running], 
T 5: P3 [running], P3 [I/O request], 
T 6: P4 [running], 
T 7: P4 [running], P3 [I/O complete], 
T 8: P4 [running], 
T 9: P4 [running], 
T 10: P4 [running], P4 [I/O request], 
T 11: P3 [running], 
T 12: P3 [running], 
T 13: P3 [running], 
T 14: P3 [running], P4 [I/O complete], 
T 15: P4 [running], 
T 16: P4 [running], 
T 17: P4 [running], 
T 18: P4 [running], 
T 19: P4 [running], 
T 20: P4 [running], 
T 21: P4 [running], 
T 22: P4 [running], 
T 23: P4 [running], 
T 24: P4 [running], 
T 25: P4 [running], 
T 26: P4 [running], 
T 27: P4 [running], P4 [terminated], 
T 28: P3 [running], 
T 29: P3 [running], 
T 30: P3 [running], 
T 31: P3 [running], 
T 32: P3 [running], 
T 33: P3 [running], 
T 34: P3 [running], 
T 35: P3 [running], P3 [terminated], 
T 36: P5 [running], 
T 37: P5 [running], 
T 38: P5 [running], 
T 39: P5 [running], P5 [I/O request], 
T 40: P1 [running], 
T 41: P1 [running], 
T 42: P1 [running], 
T 43: P1 [running], 
T 44: P1 [running], P5 [I/O complete], 
T 45: P1 [running], 
T 46: P1 [running], P1 [I/O request], 
T 47: P5 [running], P5 [terminated], 
T 48: P2 [running], 
T 49: P2 [running], 
T 50: P2 [running], 
T 51: P2 [running], P1 [I/O complete], 
T 52: P2 [running], 
T 53: P2 [running], P2 [I/O request], 
T 54: P1 [running], 
T 55: P1 [running], 
T 56: P1 [running], 
T 57: P1 [running], 
T 58: P1 [running], P2 [I/O complete], 
T 59: P1 [running], 
T 60: P1 [running], P1 [terminated], 
T 61: P2 [running], P2 [terminated], 

[pid: 3, wait_time: 16, turnaround_time: 35]
[pid: 5, wait_time: 35, turnaround_time: 45]
[pid: 1, wait_time: 38, turnaround_time: 57]
[pid: 4, wait_time: 0, turnaround_time: 22]
[pid: 2, wait_time: 43, turnaround_time: 55]

평균 대기 시간: 26.40
평균 반환 시간: 42.80
===============================================================
<Round Robin Algorithm (time quantum: 5)>
T 0: [CPU idle], 
T 1: P3 [running], 
T 2: P3 [running], 
T 3: P3 [running], 
T 4: P3 [running], 
T 5: P3 [running], P3 [I/O request], 
T 6: P5 [running], 
T 7: P5 [running], P3 [I/O complete], 
T 8: P5 [running], 
T 9: P5 [running], P5 [I/O request], 
T 10: P1 [running], 
T 11: P1 [running], 
T 12: P1 [running], 
T 13: P1 [running], 
T 14: P1 [running], P5 [I/O complete], 
T 15: P4 [running], 
T 16: P4 [running], 
T 17: P4 [running], 
T 18: P4 [running], 
T 19: P4 [running], P4 [I/O request], 
T 20: P2 [running], 
T 21: P2 [running], 
T 22: P2 [running], 
T 23: P2 [running], P4 [I/O complete], 
T 24: P2 [running], 
T 25: P3 [running], 
T 26: P3 [running], 
T 27: P3 [running], 
T 28: P3 [running], 
T 29: P3 [running], 
T 30: P5 [running], P5 [terminated], 
T 31: P1 [running], 
T 32: P1 [running], P1 [I/O request], 
T 33: P4 [running], 
T 34: P4 [running], 
T 35: P4 [running], 
T 36: P4 [running], 
T 37: P4 [running], P1 [I/O complete], 
T 38: P2 [running], P2 [I/O request], 
T 39: P3 [running], 
T 40: P3 [running], 
T 41: P3 [running], 
T 42: P3 [running], 
T 43: P3 [running], P2 [I/O complete], 
T 44: P1 [running], 
T 45: P1 [running], 
T 46: P1 [running], 
T 47: P1 [running], 
T 48: P1 [running], 
T 49: P4 [running], 
T 50: P4 [running], 
T 51: P4 [running], 
T 52: P4 [running], 
T 53: P4 [running], 
T 54: P2 [running], P2 [terminated], 
T 55: P3 [running], 
T 56: P3 [running], P3 [terminated], 
T 57: P1 [running], 
T 58: P1 [running], P1 [terminated], 
T 59: P4 [running], 
T 60: P4 [running], 
T 61: P4 [running], P4 [terminated], 

[pid: 3, wait_time: 37, turnaround_time: 56]
[pid: 5, wait_time: 18, turnaround_time: 28]
[pid: 1, wait_time: 36, turnaround_time: 55]
[pid: 4, wait_time: 34, turnaround_time: 56]
[pid: 2, wait_time: 36, turnaround_time: 48]

평균 대기 시간: 32.20
평균 반환 시간: 48.60
===============================================================
<Non-preemptive Longest I/O Shortest Job First Algorithm>
T 0: [CPU idle], 
T 1: P3 [running], 
T 2: P3 [running], 
T 3: P3 [running], 
T 4: P3 [running], 
T 5: P3 [running], P3 [I/O request], 
T 6: P5 [running], 
T 7: P5 [running], P3 [I/O complete], 
T 8: P5 [running], 
T 9: P5 [running], P5 [I/O request], 
T 10: P2 [running], 
T 11: P2 [running], 
T 12: P2 [running], 
T 13: P2 [running], 
T 14: P2 [running], P5 [I/O complete], 
T 15: P2 [running], P2 [I/O request], 
T 16: P1 [running], 
T 17: P1 [running], 
T 18: P1 [running], 
T 19: P1 [running], 
T 20: P1 [running], P2 [I/O complete], 
T 21: P1 [running], 
T 22: P1 [running], P1 [I/O request], 
T 23: P4 [running], 
T 24: P4 [running], 
T 25: P4 [running], 
T 26: P4 [running], 
T 27: P4 [running], P1 [I/O complete], P4 [I/O request], 
T 28: P5 [running], P5 [terminated], 
T 29: P2 [running], P2 [terminated], 
T 30: P1 [running], 
T 31: P1 [running], P4 [I/O complete], 
T 32: P1 [running], 
T 33: P1 [running], 
T 34: P1 [running], 
T 35: P1 [running], 
T 36: P1 [running], P1 [terminated], 
T 37: P3 [running], 
T 38: P3 [running], 
T 39: P3 [running], 
T 40: P3 [running], 
T 41: P3 [running], 
T 42: P3 [running], 
T 43: P3 [running], 
T 44: P3 [running], 
T 45: P3 [running], 
T 46: P3 [running], 
T 47: P3 [running], 
T 48: P3 [running], P3 [terminated], 
T 49: P4 [running], 
T 50: P4 [running], 
T 51: P4 [running], 
T 52: P4 [running], 
T 53: P4 [running], 
T 54: P4 [running], 
T 55: P4 [running], 
T 56: P4 [running], 
T 57: P4 [running], 
T 58: P4 [running], 
T 59: P4 [running], 
T 60: P4 [running], 
T 61: P4 [running], P4 [terminated], 

[pid: 3, wait_time: 29, turnaround_time: 48]
[pid: 5, wait_time: 16, turnaround_time: 26]
[pid: 1, wait_time: 14, turnaround_time: 33]
[pid: 4, wait_time: 34, turnaround_time: 56]
[pid: 2, wait_time: 11, turnaround_time: 23]

평균 대기 시간: 20.80
평균 반환 시간: 37.20
===============================================================
<Preemptive Longest I/O Shortest Job First Algorithm>
T 0: [CPU idle], 
T 1: P3 [running], 
T 2: P3 [running], 
T 3: P5 [running], 
T 4: P5 [running], 
T 5: P5 [running], 
T 6: P5 [running], P5 [I/O request], 
T 7: P2 [running], 
T 8: P2 [running], 
T 9: P2 [running], 
T 10: P2 [running], 
T 11: P2 [running], P5 [I/O complete], 
T 12: P2 [running], P2 [I/O request], 
T 13: P1 [running], 
T 14: P1 [running], 
T 15: P1 [running], 
T 16: P1 [running], 
T 17: P1 [running], P2 [I/O complete], 
T 18: P1 [running], 
T 19: P1 [running], P1 [I/O request], 
T 20: P4 [running], 
T 21: P4 [running], 
T 22: P4 [running], 
T 23: P4 [running], 
T 24: P4 [running], P1 [I/O complete], P4 [I/O request], 
T 25: P3 [running], 
T 26: P3 [running], 
T 27: P3 [running], P3 [I/O request], 
T 28: P5 [running], P5 [terminated], P4 [I/O complete], 
T 29: P2 [running], P2 [terminated], P3 [I/O complete], 
T 30: P1 [running], 
T 31: P1 [running], 
T 32: P1 [running], 
T 33: P1 [running], 
T 34: P1 [running], 
T 35: P1 [running], 
T 36: P1 [running], P1 [terminated], 
T 37: P3 [running], 
T 38: P3 [running], 
T 39: P3 [running], 
T 40: P3 [running], 
T 41: P3 [running], 
T 42: P3 [running], 
T 43: P3 [running], 
T 44: P3 [running], 
T 45: P3 [running], 
T 46: P3 [running], 
T 47: P3 [running], 
T 48: P3 [running], P3 [terminated], 
T 49: P4 [running], 
T 50: P4 [running], 
T 51: P4 [running], 
T 52: P4 [running], 
T 53: P4 [running], 
T 54: P4 [running], 
T 55: P4 [running], 
T 56: P4 [running], 
T 57: P4 [running], 
T 58: P4 [running], 
T 59: P4 [running], 
T 60: P4 [running], 
T 61: P4 [running], P4 [terminated], 

[pid: 3, wait_time: 29, turnaround_time: 48]
[pid: 5, wait_time: 16, turnaround_time: 26]
[pid: 1, wait_time: 14, turnaround_time: 33]
[pid: 4, wait_time: 34, turnaround_time: 56]
[pid: 2, wait_time: 11, turnaround_time: 23]

평균 대기 시간: 20.80
평균 반환 시간: 37.20
===============================================================
<평균 대기 시간 순위>
1등. Preemptive Shortest Job First Algorithm: 15.20
2등. Non-preemptive Shortest Job First Algorithm: 16.80
3등. Non-preemptive Longest I/O Shortest Job First Algorithm: 20.80
4등. Preemptive Longest I/O Shortest Job First Algorithm: 20.80
5등. First Come First Served Algorithm: 21.20
6등. Non-preemptive Priority Algorithm: 25.40
7등. Preemptive Priority Algorithm: 26.40
8등. Round Robin Algorithm: 32.20

<평균 반환 시간 순위>
1등. Preemptive Shortest Job First Algorithm: 31.60
2등. Non-preemptive Shortest Job First Algorithm: 33.20
3등. Non-preemptive Longest I/O Shortest Job First Algorithm: 37.20
4등. Preemptive Longest I/O Shortest Job First Algorithm: 37.20
5등. First Come First Served Algorithm: 37.60
6등. Non-preemptive Priority Algorithm: 41.80
7등. Preemptive Priority Algorithm: 42.80
8등. Round Robin Algorithm: 48.60
