Process List:
Pid1: arrive=2, cpu_burst=14, io_burst=0, priority=5, io_start=-1
Pid2: arrive=3, cpu_burst=18, io_burst=3, priority=1, io_start=5
Pid3: arrive=4, cpu_burst=15, io_burst=3, priority=2, io_start=14
Pid4: arrive=6, cpu_burst=8, io_burst=0, priority=1, io_start=-1
Pid5: arrive=6, cpu_burst=15, io_burst=0, priority=2, io_start=-1

<First Come First Served Algorithm>
T 0: [CPU idle], 
T 1: [CPU idle], 
T 2: P1 [running], 
T 3: P1 [running], 
T 4: P1 [running], 
T 5: P1 [running], 
T 6: P1 [running], 
T 7: P1 [running], 
T 8: P1 [running], 
T 9: P1 [running], 
T 10: P1 [running], 
T 11: P1 [running], 
T 12: P1 [running], 
T 13: P1 [running], 
T 14: P1 [running], 
T 15: P1 [running], P1 [terminated], 
T 16: P2 [running], 
T 17: P2 [running], 
T 18: P2 [running], 
T 19: P2 [running], 
T 20: P2 [running], P2 [I/O request], 
T 21: P3 [running], 
T 22: P3 [running], 
T 23: P3 [running], P2 [I/O complete], 
T 24: P3 [running], 
T 25: P3 [running], 
T 26: P3 [running], 
T 27: P3 [running], 
T 28: P3 [running], 
T 29: P3 [running], 
T 30: P3 [running], 
T 31: P3 [running], 
T 32: P3 [running], 
T 33: P3 [running], 
T 34: P3 [running], P3 [I/O request], 
T 35: P2 [running], 
T 36: P2 [running], 
T 37: P2 [running], P3 [I/O complete], 
T 38: P2 [running], 
T 39: P2 [running], 
T 40: P2 [running], 
T 41: P2 [running], 
T 42: P2 [running], 
T 43: P2 [running], 
T 44: P2 [running], 
T 45: P2 [running], 
T 46: P2 [running], 
T 47: P2 [running], P2 [terminated], 
T 48: P3 [running], P3 [terminated], 
T 49: P4 [running], 
T 50: P4 [running], 
T 51: P4 [running], 
T 52: P4 [running], 
T 53: P4 [running], 
T 54: P4 [running], 
T 55: P4 [running], 
T 56: P4 [running], P4 [terminated], 
T 57: P5 [running], 
T 58: P5 [running], 
T 59: P5 [running], 
T 60: P5 [running], 
T 61: P5 [running], 
T 62: P5 [running], 
T 63: P5 [running], 
T 64: P5 [running], 
T 65: P5 [running], 
T 66: P5 [running], 
T 67: P5 [running], 
T 68: P5 [running], 
T 69: P5 [running], 
T 70: P5 [running], 
T 71: P5 [running], P5 [terminated], 

[pid: 1, wait_time: 0, turnaround_time: 14]
[pid: 2, wait_time: 24, turnaround_time: 45]
[pid: 3, wait_time: 27, turnaround_time: 45]
[pid: 4, wait_time: 43, turnaround_time: 51]
[pid: 5, wait_time: 51, turnaround_time: 66]

평균 대기 시간: 29.00
평균 반환 시간: 44.20
===============================================================
<Non-preemptive Shortest Job First Algorithm>
T 0: [CPU idle], 
T 1: [CPU idle], 
T 2: P1 [running], 
T 3: P1 [running], 
T 4: P1 [running], 
T 5: P1 [running], 
T 6: P1 [running], 
T 7: P1 [running], 
T 8: P1 [running], 
T 9: P1 [running], 
T 10: P1 [running], 
T 11: P1 [running], 
T 12: P1 [running], 
T 13: P1 [running], 
T 14: P1 [running], 
T 15: P1 [running], P1 [terminated], 
T 16: P4 [running], 
T 17: P4 [running], 
T 18: P4 [running], 
T 19: P4 [running], 
T 20: P4 [running], 
T 21: P4 [running], 
T 22: P4 [running], 
T 23: P4 [running], P4 [terminated], 
T 24: P3 [running], 
T 25: P3 [running], 
T 26: P3 [running], 
T 27: P3 [running], 
T 28: P3 [running], 
T 29: P3 [running], 
T 30: P3 [running], 
T 31: P3 [running], 
T 32: P3 [running], 
T 33: P3 [running], 
T 34: P3 [running], 
T 35: P3 [running], 
T 36: P3 [running], 
T 37: P3 [running], P3 [I/O request], 
T 38: P5 [running], 
T 39: P5 [running], 
T 40: P5 [running], P3 [I/O complete], 
T 41: P5 [running], 
T 42: P5 [running], 
T 43: P5 [running], 
T 44: P5 [running], 
T 45: P5 [running], 
T 46: P5 [running], 
T 47: P5 [running], 
T 48: P5 [running], 
T 49: P5 [running], 
T 50: P5 [running], 
T 51: P5 [running], 
T 52: P5 [running], P5 [terminated], 
T 53: P3 [running], P3 [terminated], 
T 54: P2 [running], 
T 55: P2 [running], 
T 56: P2 [running], 
T 57: P2 [running], 
T 58: P2 [running], P2 [I/O request], 
T 59: [CPU idle], 
T 60: [CPU idle], 
T 61: [CPU idle], P2 [I/O complete], 
T 62: P2 [running], 
T 63: P2 [running], 
T 64: P2 [running], 
T 65: P2 [running], 
T 66: P2 [running], 
T 67: P2 [running], 
T 68: P2 [running], 
T 69: P2 [running], 
T 70: P2 [running], 
T 71: P2 [running], 
T 72: P2 [running], 
T 73: P2 [running], 
T 74: P2 [running], P2 [terminated], 

[pid: 1, wait_time: 0, turnaround_time: 14]
[pid: 2, wait_time: 51, turnaround_time: 72]
[pid: 3, wait_time: 32, turnaround_time: 50]
[pid: 4, wait_time: 10, turnaround_time: 18]
[pid: 5, wait_time: 32, turnaround_time: 47]

평균 대기 시간: 25.00
평균 반환 시간: 40.20
===============================================================
<Preemptive Shortest Job First Algorithm>
T 0: [CPU idle], 
T 1: [CPU idle], 
T 2: P1 [running], 
T 3: P1 [running], 
T 4: P1 [running], 
T 5: P1 [running], 
T 6: P4 [running], 
T 7: P4 [running], 
T 8: P4 [running], 
T 9: P4 [running], 
T 10: P4 [running], 
T 11: P4 [running], 
T 12: P4 [running], 
T 13: P4 [running], P4 [terminated], 
T 14: P1 [running], 
T 15: P1 [running], 
T 16: P1 [running], 
T 17: P1 [running], 
T 18: P1 [running], 
T 19: P1 [running], 
T 20: P1 [running], 
T 21: P1 [running], 
T 22: P1 [running], 
T 23: P1 [running], P1 [terminated], 
T 24: P3 [running], 
T 25: P3 [running], 
T 26: P3 [running], 
T 27: P3 [running], 
T 28: P3 [running], 
T 29: P3 [running], 
T 30: P3 [running], 
T 31: P3 [running], 
T 32: P3 [running], 
T 33: P3 [running], 
T 34: P3 [running], 
T 35: P3 [running], 
T 36: P3 [running], 
T 37: P3 [running], P3 [I/O request], 
T 38: P5 [running], 
T 39: P5 [running], 
T 40: P5 [running], P3 [I/O complete], 
T 41: P3 [running], P3 [terminated], 
T 42: P5 [running], 
T 43: P5 [running], 
T 44: P5 [running], 
T 45: P5 [running], 
T 46: P5 [running], 
T 47: P5 [running], 
T 48: P5 [running], 
T 49: P5 [running], 
T 50: P5 [running], 
T 51: P5 [running], 
T 52: P5 [running], 
T 53: P5 [running], P5 [terminated], 
T 54: P2 [running], 
T 55: P2 [running], 
T 56: P2 [running], 
T 57: P2 [running], 
T 58: P2 [running], P2 [I/O request], 
T 59: [CPU idle], 
T 60: [CPU idle], 
T 61: [CPU idle], P2 [I/O complete], 
T 62: P2 [running], 
T 63: P2 [running], 
T 64: P2 [running], 
T 65: P2 [running], 
T 66: P2 [running], 
T 67: P2 [running], 
T 68: P2 [running], 
T 69: P2 [running], 
T 70: P2 [running], 
T 71: P2 [running], 
T 72: P2 [running], 
T 73: P2 [running], 
T 74: P2 [running], P2 [terminated], 

[pid: 1, wait_time: 8, turnaround_time: 22]
[pid: 2, wait_time: 51, turnaround_time: 72]
[pid: 3, wait_time: 20, turnaround_time: 38]
[pid: 4, wait_time: 0, turnaround_time: 8]
[pid: 5, wait_time: 33, turnaround_time: 48]

평균 대기 시간: 22.40
평균 반환 시간: 37.60
===============================================================
<Non-preemptive Priority Algorithm>
T 0: [CPU idle], 
T 1: [CPU idle], 
T 2: P1 [running], 
T 3: P1 [running], 
T 4: P1 [running], 
T 5: P1 [running], 
T 6: P1 [running], 
T 7: P1 [running], 
T 8: P1 [running], 
T 9: P1 [running], 
T 10: P1 [running], 
T 11: P1 [running], 
T 12: P1 [running], 
T 13: P1 [running], 
T 14: P1 [running], 
T 15: P1 [running], P1 [terminated], 
T 16: P2 [running], 
T 17: P2 [running], 
T 18: P2 [running], 
T 19: P2 [running], 
T 20: P2 [running], P2 [I/O request], 
T 21: P4 [running], 
T 22: P4 [running], 
T 23: P4 [running], P2 [I/O complete], 
T 24: P4 [running], 
T 25: P4 [running], 
T 26: P4 [running], 
T 27: P4 [running], 
T 28: P4 [running], P4 [terminated], 
T 29: P2 [running], 
T 30: P2 [running], 
T 31: P2 [running], 
T 32: P2 [running], 
T 33: P2 [running], 
T 34: P2 [running], 
T 35: P2 [running], 
T 36: P2 [running], 
T 37: P2 [running], 
T 38: P2 [running], 
T 39: P2 [running], 
T 40: P2 [running], 
T 41: P2 [running], P2 [terminated], 
T 42: P3 [running], 
T 43: P3 [running], 
T 44: P3 [running], 
T 45: P3 [running], 
T 46: P3 [running], 
T 47: P3 [running], 
T 48: P3 [running], 
T 49: P3 [running], 
T 50: P3 [running], 
T 51: P3 [running], 
T 52: P3 [running], 
T 53: P3 [running], 
T 54: P3 [running], 
T 55: P3 [running], P3 [I/O request], 
T 56: P5 [running], 
T 57: P5 [running], 
T 58: P5 [running], P3 [I/O complete], 
T 59: P5 [running], 
T 60: P5 [running], 
T 61: P5 [running], 
T 62: P5 [running], 
T 63: P5 [running], 
T 64: P5 [running], 
T 65: P5 [running], 
T 66: P5 [running], 
T 67: P5 [running], 
T 68: P5 [running], 
T 69: P5 [running], 
T 70: P5 [running], P5 [terminated], 
T 71: P3 [running], P3 [terminated], 

[pid: 1, wait_time: 0, turnaround_time: 14]
[pid: 2, wait_time: 18, turnaround_time: 39]
[pid: 3, wait_time: 50, turnaround_time: 68]
[pid: 4, wait_time: 15, turnaround_time: 23]
[pid: 5, wait_time: 50, turnaround_time: 65]

평균 대기 시간: 26.60
평균 반환 시간: 41.80
===============================================================
<Preemptive Priority Algorithm>
T 0: [CPU idle], 
T 1: [CPU idle], 
T 2: P1 [running], 
T 3: P2 [running], 
T 4: P2 [running], 
T 5: P2 [running], 
T 6: P2 [running], 
T 7: P2 [running], P2 [I/O request], 
T 8: P4 [running], 
T 9: P4 [running], 
T 10: P4 [running], P2 [I/O complete], 
T 11: P4 [running], 
T 12: P4 [running], 
T 13: P4 [running], 
T 14: P4 [running], 
T 15: P4 [running], P4 [terminated], 
T 16: P2 [running], 
T 17: P2 [running], 
T 18: P2 [running], 
T 19: P2 [running], 
T 20: P2 [running], 
T 21: P2 [running], 
T 22: P2 [running], 
T 23: P2 [running], 
T 24: P2 [running], 
T 25: P2 [running], 
T 26: P2 [running], 
T 27: P2 [running], 
T 28: P2 [running], P2 [terminated], 
T 29: P3 [running], 
T 30: P3 [running], 
T 31: P3 [running], 
T 32: P3 [running], 
T 33: P3 [running], 
T 34: P3 [running], 
T 35: P3 [running], 
T 36: P3 [running], 
T 37: P3 [running], 
T 38: P3 [running], 
T 39: P3 [running], 
T 40: P3 [running], 
T 41: P3 [running], 
T 42: P3 [running], P3 [I/O request], 
T 43: P5 [running], 
T 44: P5 [running], 
T 45: P5 [running], P3 [I/O complete], 
T 46: P5 [running], 
T 47: P5 [running], 
T 48: P5 [running], 
T 49: P5 [running], 
T 50: P5 [running], 
T 51: P5 [running], 
T 52: P5 [running], 
T 53: P5 [running], 
T 54: P5 [running], 
T 55: P5 [running], 
T 56: P5 [running], 
T 57: P5 [running], P5 [terminated], 
T 58: P3 [running], P3 [terminated], 
T 59: P1 [running], 
T 60: P1 [running], 
T 61: P1 [running], 
T 62: P1 [running], 
T 63: P1 [running], 
T 64: P1 [running], 
T 65: P1 [running], 
T 66: P1 [running], 
T 67: P1 [running], 
T 68: P1 [running], 
T 69: P1 [running], 
T 70: P1 [running], 
T 71: P1 [running], P1 [terminated], 

[pid: 1, wait_time: 56, turnaround_time: 70]
[pid: 2, wait_time: 5, turnaround_time: 26]
[pid: 3, wait_time: 37, turnaround_time: 55]
[pid: 4, wait_time: 2, turnaround_time: 10]
[pid: 5, wait_time: 37, turnaround_time: 52]

평균 대기 시간: 27.40
평균 반환 시간: 42.60
===============================================================
<Round Robin Algorithm (time quantum: 5)>
T 0: [CPU idle], 
T 1: [CPU idle], 
T 2: P1 [running], 
T 3: P1 [running], 
T 4: P1 [running], 
T 5: P1 [running], 
T 6: P1 [running], 
T 7: P2 [running], 
T 8: P2 [running], 
T 9: P2 [running], 
T 10: P2 [running], 
T 11: P2 [running], P2 [I/O request], 
T 12: P3 [running], 
T 13: P3 [running], 
T 14: P3 [running], P2 [I/O complete], 
T 15: P3 [running], 
T 16: P3 [running], 
T 17: P4 [running], 
T 18: P4 [running], 
T 19: P4 [running], 
T 20: P4 [running], 
T 21: P4 [running], 
T 22: P5 [running], 
T 23: P5 [running], 
T 24: P5 [running], 
T 25: P5 [running], 
T 26: P5 [running], 
T 27: P1 [running], 
T 28: P1 [running], 
T 29: P1 [running], 
T 30: P1 [running], 
T 31: P1 [running], 
T 32: P2 [running], 
T 33: P2 [running], 
T 34: P2 [running], 
T 35: P2 [running], 
T 36: P2 [running], 
T 37: P3 [running], 
T 38: P3 [running], 
T 39: P3 [running], 
T 40: P3 [running], 
T 41: P3 [running], 
T 42: P4 [running], 
T 43: P4 [running], 
T 44: P4 [running], P4 [terminated], 
T 45: P5 [running], 
T 46: P5 [running], 
T 47: P5 [running], 
T 48: P5 [running], 
T 49: P5 [running], 
T 50: P1 [running], 
T 51: P1 [running], 
T 52: P1 [running], 
T 53: P1 [running], P1 [terminated], 
T 54: P2 [running], 
T 55: P2 [running], 
T 56: P2 [running], 
T 57: P2 [running], 
T 58: P2 [running], 
T 59: P3 [running], 
T 60: P3 [running], 
T 61: P3 [running], 
T 62: P3 [running], P3 [I/O request], 
T 63: P5 [running], 
T 64: P5 [running], 
T 65: P5 [running], P3 [I/O complete], 
T 66: P5 [running], 
T 67: P5 [running], P5 [terminated], 
T 68: P2 [running], 
T 69: P2 [running], 
T 70: P2 [running], P2 [terminated], 
T 71: P3 [running], P3 [terminated], 

[pid: 1, wait_time: 38, turnaround_time: 52]
[pid: 2, wait_time: 47, turnaround_time: 68]
[pid: 3, wait_time: 50, turnaround_time: 68]
[pid: 4, wait_time: 31, turnaround_time: 39]
[pid: 5, wait_time: 47, turnaround_time: 62]

평균 대기 시간: 42.60
평균 반환 시간: 57.80
===============================================================
<Non-preemptive Longest I/O Shortest Job First Algorithm>
T 0: [CPU idle], 
T 1: [CPU idle], 
T 2: P1 [running], 
T 3: P1 [running], 
T 4: P1 [running], 
T 5: P1 [running], 
T 6: P1 [running], 
T 7: P1 [running], 
T 8: P1 [running], 
T 9: P1 [running], 
T 10: P1 [running], 
T 11: P1 [running], 
T 12: P1 [running], 
T 13: P1 [running], 
T 14: P1 [running], 
T 15: P1 [running], P1 [terminated], 
T 16: P3 [running], 
T 17: P3 [running], 
T 18: P3 [running], 
T 19: P3 [running], 
T 20: P3 [running], 
T 21: P3 [running], 
T 22: P3 [running], 
T 23: P3 [running], 
T 24: P3 [running], 
T 25: P3 [running], 
T 26: P3 [running], 
T 27: P3 [running], 
T 28: P3 [running], 
T 29: P3 [running], P3 [I/O request], 
T 30: P2 [running], 
T 31: P2 [running], 
T 32: P2 [running], P3 [I/O complete], 
T 33: P2 [running], 
T 34: P2 [running], P2 [I/O request], 
T 35: P3 [running], P3 [terminated], 
T 36: P4 [running], 
T 37: P4 [running], P2 [I/O complete], 
T 38: P4 [running], 
T 39: P4 [running], 
T 40: P4 [running], 
T 41: P4 [running], 
T 42: P4 [running], 
T 43: P4 [running], P4 [terminated], 
T 44: P2 [running], 
T 45: P2 [running], 
T 46: P2 [running], 
T 47: P2 [running], 
T 48: P2 [running], 
T 49: P2 [running], 
T 50: P2 [running], 
T 51: P2 [running], 
T 52: P2 [running], 
T 53: P2 [running], 
T 54: P2 [running], 
T 55: P2 [running], 
T 56: P2 [running], P2 [terminated], 
T 57: P5 [running], 
T 58: P5 [running], 
T 59: P5 [running], 
T 60: P5 [running], 
T 61: P5 [running], 
T 62: P5 [running], 
T 63: P5 [running], 
T 64: P5 [running], 
T 65: P5 [running], 
T 66: P5 [running], 
T 67: P5 [running], 
T 68: P5 [running], 
T 69: P5 [running], 
T 70: P5 [running], 
T 71: P5 [running], P5 [terminated], 

[pid: 1, wait_time: 0, turnaround_time: 14]
[pid: 2, wait_time: 33, turnaround_time: 54]
[pid: 3, wait_time: 14, turnaround_time: 32]
[pid: 4, wait_time: 30, turnaround_time: 38]
[pid: 5, wait_time: 51, turnaround_time: 66]

평균 대기 시간: 25.60
평균 반환 시간: 40.80
===============================================================
<Preemptive Longest I/O Shortest Job First Algorithm>
T 0: [CPU idle], 
T 1: [CPU idle], 
T 2: P1 [running], 
T 3: P2 [running], 
T 4: P3 [running], 
T 5: P3 [running], 
T 6: P3 [running], 
T 7: P3 [running], 
T 8: P3 [running], 
T 9: P3 [running], 
T 10: P3 [running], 
T 11: P3 [running], 
T 12: P3 [running], 
T 13: P3 [running], 
T 14: P3 [running], 
T 15: P3 [running], 
T 16: P3 [running], 
T 17: P3 [running], P3 [I/O request], 
T 18: P2 [running], 
T 19: P2 [running], 
T 20: P2 [running], P3 [I/O complete], 
T 21: P2 [running], P2 [I/O request], 
T 22: P3 [running], P3 [terminated], 
T 23: P4 [running], 
T 24: P4 [running], P2 [I/O complete], 
T 25: P4 [running], 
T 26: P4 [running], 
T 27: P4 [running], 
T 28: P4 [running], 
T 29: P4 [running], 
T 30: P4 [running], P4 [terminated], 
T 31: P1 [running], 
T 32: P1 [running], 
T 33: P1 [running], 
T 34: P1 [running], 
T 35: P1 [running], 
T 36: P1 [running], 
T 37: P1 [running], 
T 38: P1 [running], 
T 39: P1 [running], 
T 40: P1 [running], 
T 41: P1 [running], 
T 42: P1 [running], 
T 43: P1 [running], P1 [terminated], 
T 44: P2 [running], 
T 45: P2 [running], 
T 46: P2 [running], 
T 47: P2 [running], 
T 48: P2 [running], 
T 49: P2 [running], 
T 50: P2 [running], 
T 51: P2 [running], 
T 52: P2 [running], 
T 53: P2 [running], 
T 54: P2 [running], 
T 55: P2 [running], 
T 56: P2 [running], P2 [terminated], 
T 57: P5 [running], 
T 58: P5 [running], 
T 59: P5 [running], 
T 60: P5 [running], 
T 61: P5 [running], 
T 62: P5 [running], 
T 63: P5 [running], 
T 64: P5 [running], 
T 65: P5 [running], 
T 66: P5 [running], 
T 67: P5 [running], 
T 68: P5 [running], 
T 69: P5 [running], 
T 70: P5 [running], 
T 71: P5 [running], P5 [terminated], 

[pid: 1, wait_time: 28, turnaround_time: 42]
[pid: 2, wait_time: 33, turnaround_time: 54]
[pid: 3, wait_time: 1, turnaround_time: 19]
[pid: 4, wait_time: 17, turnaround_time: 25]
[pid: 5, wait_time: 51, turnaround_time: 66]

평균 대기 시간: 26.00
평균 반환 시간: 41.20
===============================================================
<평균 대기 시간 순위>
1등. Preemptive Shortest Job First Algorithm: 22.40
2등. Non-preemptive Shortest Job First Algorithm: 25.00
3등. Non-preemptive Longest I/O Shortest Job First Algorithm: 25.60
4등. Preemptive Longest I/O Shortest Job First Algorithm: 26.00
5등. Non-preemptive Priority Algorithm: 26.60
6등. Preemptive Priority Algorithm: 27.40
7등. First Come First Served Algorithm: 29.00
8등. Round Robin Algorithm: 42.60

<평균 반환 시간 순위>
1등. Preemptive Shortest Job First Algorithm: 37.60
2등. Non-preemptive Shortest Job First Algorithm: 40.20
3등. Non-preemptive Longest I/O Shortest Job First Algorithm: 40.80
4등. Preemptive Longest I/O Shortest Job First Algorithm: 41.20
5등. Non-preemptive Priority Algorithm: 41.80
6등. Preemptive Priority Algorithm: 42.60
7등. First Come First Served Algorithm: 44.20
8등. Round Robin Algorithm: 57.80
